{"name":"testSeacth","status":"broken","statusDetails":{"known":false,"muted":false,"flaky":false,"message":"Index: 0, Size: 0","trace":"java.lang.IndexOutOfBoundsException: Index: 0, Size: 0\r\n\tat java.util.ArrayList.rangeCheck(ArrayList.java:657)\r\n\tat java.util.ArrayList.get(ArrayList.java:433)\r\n\tat sun.reflect.NativeMethodAccessorImpl.invoke0(Native Method)\r\n\tat sun.reflect.NativeMethodAccessorImpl.invoke(NativeMethodAccessorImpl.java:62)\r\n\tat sun.reflect.DelegatingMethodAccessorImpl.invoke(DelegatingMethodAccessorImpl.java:43)\r\n\tat java.lang.reflect.Method.invoke(Method.java:498)\r\n\tat org.openqa.selenium.support.pagefactory.internal.LocatingElementListHandler.invoke(LocatingElementListHandler.java:39)\r\n\tat com.sun.proxy.$Proxy17.get(Unknown Source)\r\n\tat com.onlinerautomation.page.HomePage.verifySize_aroundBody6(HomePage.java:71)\r\n\tat com.onlinerautomation.page.HomePage$AjcClosure7.run(HomePage.java:1)\r\n\tat org.aspectj.runtime.reflect.JoinPointImpl.proceed(JoinPointImpl.java:149)\r\n\tat io.qameta.allure.aspects.StepsAspects.step(StepsAspects.java:50)\r\n\tat com.onlinerautomation.page.HomePage.verifySize(HomePage.java:69)\r\n\tat com.onlinerautomation.test.SearchTest.testSeacth(SearchTest.java:22)\r\n\tat sun.reflect.NativeMethodAccessorImpl.invoke0(Native Method)\r\n\tat sun.reflect.NativeMethodAccessorImpl.invoke(NativeMethodAccessorImpl.java:62)\r\n\tat sun.reflect.DelegatingMethodAccessorImpl.invoke(DelegatingMethodAccessorImpl.java:43)\r\n\tat java.lang.reflect.Method.invoke(Method.java:498)\r\n\tat org.testng.internal.MethodInvocationHelper.invokeMethod(MethodInvocationHelper.java:124)\r\n\tat org.testng.internal.Invoker.invokeMethod(Invoker.java:580)\r\n\tat org.testng.internal.Invoker.invokeTestMethod(Invoker.java:716)\r\n\tat org.testng.internal.Invoker.invokeTestMethods(Invoker.java:988)\r\n\tat org.testng.internal.TestMethodWorker.invokeTestMethods(TestMethodWorker.java:125)\r\n\tat org.testng.internal.TestMethodWorker.run(TestMethodWorker.java:109)\r\n\tat org.testng.TestRunner.privateRun(TestRunner.java:648)\r\n\tat org.testng.TestRunner.run(TestRunner.java:505)\r\n\tat org.testng.SuiteRunner.runTest(SuiteRunner.java:455)\r\n\tat org.testng.SuiteRunner.runSequentially(SuiteRunner.java:450)\r\n\tat org.testng.SuiteRunner.privateRun(SuiteRunner.java:415)\r\n\tat org.testng.SuiteRunner.run(SuiteRunner.java:364)\r\n\tat org.testng.SuiteRunnerWorker.runSuite(SuiteRunnerWorker.java:52)\r\n\tat org.testng.SuiteRunnerWorker.run(SuiteRunnerWorker.java:84)\r\n\tat org.testng.TestNG.runSuitesSequentially(TestNG.java:1208)\r\n\tat org.testng.TestNG.runSuitesLocally(TestNG.java:1137)\r\n\tat org.testng.TestNG.runSuites(TestNG.java:1049)\r\n\tat org.testng.TestNG.run(TestNG.java:1017)\r\n\tat org.testng.IDEARemoteTestNG.run(IDEARemoteTestNG.java:72)\r\n\tat org.testng.RemoteTestNGStarter.main(RemoteTestNGStarter.java:123)\r\n"},"stage":"finished","steps":[{"name":"Enter search data","status":"passed","stage":"finished","steps":[],"attachments":[],"parameters":[],"start":1548847693879,"stop":1548847695640},{"name":"Verify search result lis size","status":"broken","statusDetails":{"known":false,"muted":false,"flaky":false,"message":"Index: 0, Size: 0","trace":"java.lang.IndexOutOfBoundsException: Index: 0, Size: 0\r\n\tat java.util.ArrayList.rangeCheck(ArrayList.java:657)\r\n\tat java.util.ArrayList.get(ArrayList.java:433)\r\n\tat sun.reflect.NativeMethodAccessorImpl.invoke0(Native Method)\r\n\tat sun.reflect.NativeMethodAccessorImpl.invoke(NativeMethodAccessorImpl.java:62)\r\n\tat sun.reflect.DelegatingMethodAccessorImpl.invoke(DelegatingMethodAccessorImpl.java:43)\r\n\tat java.lang.reflect.Method.invoke(Method.java:498)\r\n\tat org.openqa.selenium.support.pagefactory.internal.LocatingElementListHandler.invoke(LocatingElementListHandler.java:39)\r\n\tat com.sun.proxy.$Proxy17.get(Unknown Source)\r\n\tat com.onlinerautomation.page.HomePage.verifySize_aroundBody6(HomePage.java:71)\r\n\tat com.onlinerautomation.page.HomePage$AjcClosure7.run(HomePage.java:1)\r\n\tat org.aspectj.runtime.reflect.JoinPointImpl.proceed(JoinPointImpl.java:149)\r\n\tat io.qameta.allure.aspects.StepsAspects.step(StepsAspects.java:50)\r\n\tat com.onlinerautomation.page.HomePage.verifySize(HomePage.java:69)\r\n\tat com.onlinerautomation.test.SearchTest.testSeacth(SearchTest.java:22)\r\n\tat sun.reflect.NativeMethodAccessorImpl.invoke0(Native Method)\r\n\tat sun.reflect.NativeMethodAccessorImpl.invoke(NativeMethodAccessorImpl.java:62)\r\n\tat sun.reflect.DelegatingMethodAccessorImpl.invoke(DelegatingMethodAccessorImpl.java:43)\r\n\tat java.lang.reflect.Method.invoke(Method.java:498)\r\n\tat org.testng.internal.MethodInvocationHelper.invokeMethod(MethodInvocationHelper.java:124)\r\n\tat org.testng.internal.Invoker.invokeMethod(Invoker.java:580)\r\n\tat org.testng.internal.Invoker.invokeTestMethod(Invoker.java:716)\r\n\tat org.testng.internal.Invoker.invokeTestMethods(Invoker.java:988)\r\n\tat org.testng.internal.TestMethodWorker.invokeTestMethods(TestMethodWorker.java:125)\r\n\tat org.testng.internal.TestMethodWorker.run(TestMethodWorker.java:109)\r\n\tat org.testng.TestRunner.privateRun(TestRunner.java:648)\r\n\tat org.testng.TestRunner.run(TestRunner.java:505)\r\n\tat org.testng.SuiteRunner.runTest(SuiteRunner.java:455)\r\n\tat org.testng.SuiteRunner.runSequentially(SuiteRunner.java:450)\r\n\tat org.testng.SuiteRunner.privateRun(SuiteRunner.java:415)\r\n\tat org.testng.SuiteRunner.run(SuiteRunner.java:364)\r\n\tat org.testng.SuiteRunnerWorker.runSuite(SuiteRunnerWorker.java:52)\r\n\tat org.testng.SuiteRunnerWorker.run(SuiteRunnerWorker.java:84)\r\n\tat org.testng.TestNG.runSuitesSequentially(TestNG.java:1208)\r\n\tat org.testng.TestNG.runSuitesLocally(TestNG.java:1137)\r\n\tat org.testng.TestNG.runSuites(TestNG.java:1049)\r\n\tat org.testng.TestNG.run(TestNG.java:1017)\r\n\tat org.testng.IDEARemoteTestNG.run(IDEARemoteTestNG.java:72)\r\n\tat org.testng.RemoteTestNGStarter.main(RemoteTestNGStarter.java:123)\r\n"},"stage":"finished","steps":[],"attachments":[],"parameters":[],"start":1548847695641,"stop":1548847695924}],"attachments":[{"name":"Failed test screenshot","source":"66194516-d9ba-4c5e-aa94-05a54b2facc5-attachment","type":"image/png"}],"parameters":[],"start":1548847693848,"stop":1548847696473,"uuid":"3c882b97-4f63-4f66-99aa-14f1aa900ef8","historyId":"c1d8da3238b48eebe8a6032ed66300c1","fullName":"com.onlinerautomation.test.SearchTest.testSeacth","labels":[{"name":"package","value":"com.onlinerautomation.test.SearchTest"},{"name":"testClass","value":"com.onlinerautomation.test.SearchTest"},{"name":"testMethod","value":"testSeacth"},{"name":"parentSuite","value":"Default Suite"},{"name":"suite","value":"onliner-car-sales"},{"name":"subSuite","value":"com.onlinerautomation.test.SearchTest"},{"name":"host","value":"ukhatsko2097nt"},{"name":"thread","value":"20276@ukhatsko2097nt.main(1)"}],"links":[]}