{"name":"testOnlinerPositiveSearch","status":"broken","statusDetails":{"known":false,"muted":false,"flaky":false,"message":"Element is not displayed\nCondition with lambda expression in com.onlinerautomation.utils.ElementsUtil that uses org.openqa.selenium.WebElement was not fulfilled within 30000 milliseconds.","trace":"org.awaitility.core.ConditionTimeoutException: Element is not displayed\nCondition with lambda expression in com.onlinerautomation.utils.ElementsUtil that uses org.openqa.selenium.WebElement was not fulfilled within 30000 milliseconds.\r\n\tat org.awaitility.core.ConditionAwaiter.await(ConditionAwaiter.java:145)\r\n\tat org.awaitility.core.CallableCondition.await(CallableCondition.java:79)\r\n\tat org.awaitility.core.CallableCondition.await(CallableCondition.java:27)\r\n\tat org.awaitility.core.ConditionFactory.until(ConditionFactory.java:902)\r\n\tat org.awaitility.core.ConditionFactory.until(ConditionFactory.java:860)\r\n\tat com.onlinerautomation.utils.Await.until(Await.java:525)\r\n\tat com.onlinerautomation.utils.ElementsUtil.waitForVisible(ElementsUtil.java:166)\r\n\tat com.onlinerautomation.utils.ElementsUtil.waitForVisible(ElementsUtil.java:150)\r\n\tat com.onlinerautomation.page.HomePage.openSeachResultsForm_aroundBody6(HomePage.java:93)\r\n\tat com.onlinerautomation.page.HomePage$AjcClosure7.run(HomePage.java:1)\r\n\tat org.aspectj.runtime.reflect.JoinPointImpl.proceed(JoinPointImpl.java:149)\r\n\tat io.qameta.allure.aspects.StepsAspects.step(StepsAspects.java:50)\r\n\tat com.onlinerautomation.page.HomePage.openSeachResultsForm(HomePage.java:91)\r\n\tat com.onlinerautomation.test.SearchTest.testOnlinerPositiveSearch(SearchTest.java:20)\r\n\tat sun.reflect.NativeMethodAccessorImpl.invoke0(Native Method)\r\n\tat sun.reflect.NativeMethodAccessorImpl.invoke(NativeMethodAccessorImpl.java:62)\r\n\tat sun.reflect.DelegatingMethodAccessorImpl.invoke(DelegatingMethodAccessorImpl.java:43)\r\n\tat java.lang.reflect.Method.invoke(Method.java:498)\r\n\tat org.testng.internal.MethodInvocationHelper.invokeMethod(MethodInvocationHelper.java:124)\r\n\tat org.testng.internal.Invoker.invokeMethod(Invoker.java:580)\r\n\tat org.testng.internal.Invoker.invokeTestMethod(Invoker.java:716)\r\n\tat org.testng.internal.Invoker.invokeTestMethods(Invoker.java:988)\r\n\tat org.testng.internal.TestMethodWorker.invokeTestMethods(TestMethodWorker.java:125)\r\n\tat org.testng.internal.TestMethodWorker.run(TestMethodWorker.java:109)\r\n\tat org.testng.TestRunner.privateRun(TestRunner.java:648)\r\n\tat org.testng.TestRunner.run(TestRunner.java:505)\r\n\tat org.testng.SuiteRunner.runTest(SuiteRunner.java:455)\r\n\tat org.testng.SuiteRunner.runSequentially(SuiteRunner.java:450)\r\n\tat org.testng.SuiteRunner.privateRun(SuiteRunner.java:415)\r\n\tat org.testng.SuiteRunner.run(SuiteRunner.java:364)\r\n\tat org.testng.SuiteRunnerWorker.runSuite(SuiteRunnerWorker.java:52)\r\n\tat org.testng.SuiteRunnerWorker.run(SuiteRunnerWorker.java:84)\r\n\tat org.testng.TestNG.runSuitesSequentially(TestNG.java:1208)\r\n\tat org.testng.TestNG.runSuitesLocally(TestNG.java:1137)\r\n\tat org.testng.TestNG.runSuites(TestNG.java:1049)\r\n\tat org.testng.TestNG.run(TestNG.java:1017)\r\n\tat org.testng.IDEARemoteTestNG.run(IDEARemoteTestNG.java:72)\r\n\tat org.testng.RemoteTestNGStarter.main(RemoteTestNGStarter.java:123)\r\n"},"stage":"finished","steps":[{"name":"Enter search data","status":"passed","stage":"finished","steps":[],"attachments":[],"parameters":[],"start":1548915101567,"stop":1548915103284},{"name":"Open first search result","status":"broken","statusDetails":{"known":false,"muted":false,"flaky":false,"message":"Element is not displayed\nCondition with lambda expression in com.onlinerautomation.utils.ElementsUtil that uses org.openqa.selenium.WebElement was not fulfilled within 30000 milliseconds.","trace":"org.awaitility.core.ConditionTimeoutException: Element is not displayed\nCondition with lambda expression in com.onlinerautomation.utils.ElementsUtil that uses org.openqa.selenium.WebElement was not fulfilled within 30000 milliseconds.\r\n\tat org.awaitility.core.ConditionAwaiter.await(ConditionAwaiter.java:145)\r\n\tat org.awaitility.core.CallableCondition.await(CallableCondition.java:79)\r\n\tat org.awaitility.core.CallableCondition.await(CallableCondition.java:27)\r\n\tat org.awaitility.core.ConditionFactory.until(ConditionFactory.java:902)\r\n\tat org.awaitility.core.ConditionFactory.until(ConditionFactory.java:860)\r\n\tat com.onlinerautomation.utils.Await.until(Await.java:525)\r\n\tat com.onlinerautomation.utils.ElementsUtil.waitForVisible(ElementsUtil.java:166)\r\n\tat com.onlinerautomation.utils.ElementsUtil.waitForVisible(ElementsUtil.java:150)\r\n\tat com.onlinerautomation.page.HomePage.openSeachResultsForm_aroundBody6(HomePage.java:93)\r\n\tat com.onlinerautomation.page.HomePage$AjcClosure7.run(HomePage.java:1)\r\n\tat org.aspectj.runtime.reflect.JoinPointImpl.proceed(JoinPointImpl.java:149)\r\n\tat io.qameta.allure.aspects.StepsAspects.step(StepsAspects.java:50)\r\n\tat com.onlinerautomation.page.HomePage.openSeachResultsForm(HomePage.java:91)\r\n\tat com.onlinerautomation.test.SearchTest.testOnlinerPositiveSearch(SearchTest.java:20)\r\n\tat sun.reflect.NativeMethodAccessorImpl.invoke0(Native Method)\r\n\tat sun.reflect.NativeMethodAccessorImpl.invoke(NativeMethodAccessorImpl.java:62)\r\n\tat sun.reflect.DelegatingMethodAccessorImpl.invoke(DelegatingMethodAccessorImpl.java:43)\r\n\tat java.lang.reflect.Method.invoke(Method.java:498)\r\n\tat org.testng.internal.MethodInvocationHelper.invokeMethod(MethodInvocationHelper.java:124)\r\n\tat org.testng.internal.Invoker.invokeMethod(Invoker.java:580)\r\n\tat org.testng.internal.Invoker.invokeTestMethod(Invoker.java:716)\r\n\tat org.testng.internal.Invoker.invokeTestMethods(Invoker.java:988)\r\n\tat org.testng.internal.TestMethodWorker.invokeTestMethods(TestMethodWorker.java:125)\r\n\tat org.testng.internal.TestMethodWorker.run(TestMethodWorker.java:109)\r\n\tat org.testng.TestRunner.privateRun(TestRunner.java:648)\r\n\tat org.testng.TestRunner.run(TestRunner.java:505)\r\n\tat org.testng.SuiteRunner.runTest(SuiteRunner.java:455)\r\n\tat org.testng.SuiteRunner.runSequentially(SuiteRunner.java:450)\r\n\tat org.testng.SuiteRunner.privateRun(SuiteRunner.java:415)\r\n\tat org.testng.SuiteRunner.run(SuiteRunner.java:364)\r\n\tat org.testng.SuiteRunnerWorker.runSuite(SuiteRunnerWorker.java:52)\r\n\tat org.testng.SuiteRunnerWorker.run(SuiteRunnerWorker.java:84)\r\n\tat org.testng.TestNG.runSuitesSequentially(TestNG.java:1208)\r\n\tat org.testng.TestNG.runSuitesLocally(TestNG.java:1137)\r\n\tat org.testng.TestNG.runSuites(TestNG.java:1049)\r\n\tat org.testng.TestNG.run(TestNG.java:1017)\r\n\tat org.testng.IDEARemoteTestNG.run(IDEARemoteTestNG.java:72)\r\n\tat org.testng.RemoteTestNGStarter.main(RemoteTestNGStarter.java:123)\r\n"},"stage":"finished","steps":[],"attachments":[],"parameters":[],"start":1548915103285,"stop":1548915134435}],"attachments":[{"name":"Failed test screenshot","source":"5d612fd1-2825-4ed2-8b56-35fc4edfc47d-attachment","type":"image/png"}],"parameters":[],"start":1548915101536,"stop":1548915134926,"uuid":"893e4520-e3c1-415e-a7af-735546b967ff","historyId":"92a4687102c3e67ce712e8af3b9c5d24","fullName":"com.onlinerautomation.test.SearchTest.testOnlinerPositiveSearch","labels":[{"name":"package","value":"com.onlinerautomation.test.SearchTest"},{"name":"testClass","value":"com.onlinerautomation.test.SearchTest"},{"name":"testMethod","value":"testOnlinerPositiveSearch"},{"name":"parentSuite","value":"Default Suite"},{"name":"suite","value":"onliner-car-sales"},{"name":"subSuite","value":"com.onlinerautomation.test.SearchTest"},{"name":"host","value":"ukhatsko2097nt"},{"name":"thread","value":"16088@ukhatsko2097nt.main(1)"}],"links":[]}