{"name":"testCarmarket","status":"broken","statusDetails":{"known":false,"muted":false,"flaky":false,"message":"b-update-btn-1 progress - Element has given class\nCondition with lambda expression in com.onlinerautomation.utils.ElementsUtil that uses java.lang.String, java.lang.Stringorg.openqa.selenium.WebElement was not fulfilled within 3000 milliseconds.","trace":"org.awaitility.core.ConditionTimeoutException: b-update-btn-1 progress - Element has given class\nCondition with lambda expression in com.onlinerautomation.utils.ElementsUtil that uses java.lang.String, java.lang.Stringorg.openqa.selenium.WebElement was not fulfilled within 3000 milliseconds.\r\n\tat org.awaitility.core.ConditionAwaiter.await(ConditionAwaiter.java:145)\r\n\tat org.awaitility.core.CallableCondition.await(CallableCondition.java:79)\r\n\tat org.awaitility.core.CallableCondition.await(CallableCondition.java:27)\r\n\tat org.awaitility.core.ConditionFactory.until(ConditionFactory.java:902)\r\n\tat org.awaitility.core.ConditionFactory.until(ConditionFactory.java:860)\r\n\tat com.onlinerautomation.utils.Await.until(Await.java:525)\r\n\tat com.onlinerautomation.utils.ElementsUtil.waitForClassNotPresent(ElementsUtil.java:243)\r\n\tat com.onlinerautomation.page.AutoMarketPage.verityCardList_aroundBody0(AutoMarketPage.java:31)\r\n\tat com.onlinerautomation.page.AutoMarketPage$AjcClosure1.run(AutoMarketPage.java:1)\r\n\tat org.aspectj.runtime.reflect.JoinPointImpl.proceed(JoinPointImpl.java:149)\r\n\tat io.qameta.allure.aspects.StepsAspects.step(StepsAspects.java:50)\r\n\tat com.onlinerautomation.page.AutoMarketPage.verityCardList(AutoMarketPage.java:29)\r\n\tat com.onlinerautomation.test.CarMarketTest.testCarmarket(CarMarketTest.java:20)\r\n\tat sun.reflect.NativeMethodAccessorImpl.invoke0(Native Method)\r\n\tat sun.reflect.NativeMethodAccessorImpl.invoke(NativeMethodAccessorImpl.java:62)\r\n\tat sun.reflect.DelegatingMethodAccessorImpl.invoke(DelegatingMethodAccessorImpl.java:43)\r\n\tat java.lang.reflect.Method.invoke(Method.java:498)\r\n\tat org.testng.internal.MethodInvocationHelper.invokeMethod(MethodInvocationHelper.java:124)\r\n\tat org.testng.internal.Invoker.invokeMethod(Invoker.java:580)\r\n\tat org.testng.internal.Invoker.invokeTestMethod(Invoker.java:716)\r\n\tat org.testng.internal.Invoker.invokeTestMethods(Invoker.java:988)\r\n\tat org.testng.internal.TestMethodWorker.invokeTestMethods(TestMethodWorker.java:125)\r\n\tat org.testng.internal.TestMethodWorker.run(TestMethodWorker.java:109)\r\n\tat org.testng.TestRunner.privateRun(TestRunner.java:648)\r\n\tat org.testng.TestRunner.run(TestRunner.java:505)\r\n\tat org.testng.SuiteRunner.runTest(SuiteRunner.java:455)\r\n\tat org.testng.SuiteRunner.runSequentially(SuiteRunner.java:450)\r\n\tat org.testng.SuiteRunner.privateRun(SuiteRunner.java:415)\r\n\tat org.testng.SuiteRunner.run(SuiteRunner.java:364)\r\n\tat org.testng.SuiteRunnerWorker.runSuite(SuiteRunnerWorker.java:52)\r\n\tat org.testng.SuiteRunnerWorker.run(SuiteRunnerWorker.java:84)\r\n\tat org.testng.TestNG.runSuitesSequentially(TestNG.java:1208)\r\n\tat org.testng.TestNG.runSuitesLocally(TestNG.java:1137)\r\n\tat org.testng.TestNG.runSuites(TestNG.java:1049)\r\n\tat org.testng.TestNG.run(TestNG.java:1017)\r\n\tat org.testng.IDEARemoteTestNG.run(IDEARemoteTestNG.java:72)\r\n\tat org.testng.RemoteTestNGStarter.main(RemoteTestNGStarter.java:123)\r\n"},"stage":"finished","steps":[{"name":"Get cars announcement list","status":"broken","statusDetails":{"known":false,"muted":false,"flaky":false,"message":"b-update-btn-1 progress - Element has given class\nCondition with lambda expression in com.onlinerautomation.utils.ElementsUtil that uses java.lang.String, java.lang.Stringorg.openqa.selenium.WebElement was not fulfilled within 3000 milliseconds.","trace":"org.awaitility.core.ConditionTimeoutException: b-update-btn-1 progress - Element has given class\nCondition with lambda expression in com.onlinerautomation.utils.ElementsUtil that uses java.lang.String, java.lang.Stringorg.openqa.selenium.WebElement was not fulfilled within 3000 milliseconds.\r\n\tat org.awaitility.core.ConditionAwaiter.await(ConditionAwaiter.java:145)\r\n\tat org.awaitility.core.CallableCondition.await(CallableCondition.java:79)\r\n\tat org.awaitility.core.CallableCondition.await(CallableCondition.java:27)\r\n\tat org.awaitility.core.ConditionFactory.until(ConditionFactory.java:902)\r\n\tat org.awaitility.core.ConditionFactory.until(ConditionFactory.java:860)\r\n\tat com.onlinerautomation.utils.Await.until(Await.java:525)\r\n\tat com.onlinerautomation.utils.ElementsUtil.waitForClassNotPresent(ElementsUtil.java:243)\r\n\tat com.onlinerautomation.page.AutoMarketPage.verityCardList_aroundBody0(AutoMarketPage.java:31)\r\n\tat com.onlinerautomation.page.AutoMarketPage$AjcClosure1.run(AutoMarketPage.java:1)\r\n\tat org.aspectj.runtime.reflect.JoinPointImpl.proceed(JoinPointImpl.java:149)\r\n\tat io.qameta.allure.aspects.StepsAspects.step(StepsAspects.java:50)\r\n\tat com.onlinerautomation.page.AutoMarketPage.verityCardList(AutoMarketPage.java:29)\r\n\tat com.onlinerautomation.test.CarMarketTest.testCarmarket(CarMarketTest.java:20)\r\n\tat sun.reflect.NativeMethodAccessorImpl.invoke0(Native Method)\r\n\tat sun.reflect.NativeMethodAccessorImpl.invoke(NativeMethodAccessorImpl.java:62)\r\n\tat sun.reflect.DelegatingMethodAccessorImpl.invoke(DelegatingMethodAccessorImpl.java:43)\r\n\tat java.lang.reflect.Method.invoke(Method.java:498)\r\n\tat org.testng.internal.MethodInvocationHelper.invokeMethod(MethodInvocationHelper.java:124)\r\n\tat org.testng.internal.Invoker.invokeMethod(Invoker.java:580)\r\n\tat org.testng.internal.Invoker.invokeTestMethod(Invoker.java:716)\r\n\tat org.testng.internal.Invoker.invokeTestMethods(Invoker.java:988)\r\n\tat org.testng.internal.TestMethodWorker.invokeTestMethods(TestMethodWorker.java:125)\r\n\tat org.testng.internal.TestMethodWorker.run(TestMethodWorker.java:109)\r\n\tat org.testng.TestRunner.privateRun(TestRunner.java:648)\r\n\tat org.testng.TestRunner.run(TestRunner.java:505)\r\n\tat org.testng.SuiteRunner.runTest(SuiteRunner.java:455)\r\n\tat org.testng.SuiteRunner.runSequentially(SuiteRunner.java:450)\r\n\tat org.testng.SuiteRunner.privateRun(SuiteRunner.java:415)\r\n\tat org.testng.SuiteRunner.run(SuiteRunner.java:364)\r\n\tat org.testng.SuiteRunnerWorker.runSuite(SuiteRunnerWorker.java:52)\r\n\tat org.testng.SuiteRunnerWorker.run(SuiteRunnerWorker.java:84)\r\n\tat org.testng.TestNG.runSuitesSequentially(TestNG.java:1208)\r\n\tat org.testng.TestNG.runSuitesLocally(TestNG.java:1137)\r\n\tat org.testng.TestNG.runSuites(TestNG.java:1049)\r\n\tat org.testng.TestNG.run(TestNG.java:1017)\r\n\tat org.testng.IDEARemoteTestNG.run(IDEARemoteTestNG.java:72)\r\n\tat org.testng.RemoteTestNGStarter.main(RemoteTestNGStarter.java:123)\r\n"},"stage":"finished","steps":[],"attachments":[],"parameters":[],"start":1548747900230,"stop":1548747904425}],"attachments":[],"parameters":[],"start":1548747900186,"stop":1548747905043,"uuid":"8f5f144e-b46f-43d9-8bb8-d375e23c7202","historyId":"e8cf61cf9d617ad7c2e467c26f125bac","fullName":"com.onlinerautomation.test.CarMarketTest.testCarmarket","labels":[{"name":"package","value":"com.onlinerautomation.test.CarMarketTest"},{"name":"testClass","value":"com.onlinerautomation.test.CarMarketTest"},{"name":"testMethod","value":"testCarmarket"},{"name":"parentSuite","value":"Default Suite"},{"name":"suite","value":"onliner-car-sales"},{"name":"subSuite","value":"com.onlinerautomation.test.CarMarketTest"},{"name":"host","value":"ukhatsko2097nt"},{"name":"thread","value":"25320@ukhatsko2097nt.main(1)"}],"links":[]}