{"name":"Select car by body type","status":"broken","statusDetails":{"known":false,"muted":false,"flaky":false,"message":"-1","trace":"java.lang.ArrayIndexOutOfBoundsException: -1\r\n\tat java.util.ArrayList.elementData(ArrayList.java:422)\r\n\tat java.util.ArrayList.get(ArrayList.java:435)\r\n\tat sun.reflect.NativeMethodAccessorImpl.invoke0(Native Method)\r\n\tat sun.reflect.NativeMethodAccessorImpl.invoke(NativeMethodAccessorImpl.java:62)\r\n\tat sun.reflect.DelegatingMethodAccessorImpl.invoke(DelegatingMethodAccessorImpl.java:43)\r\n\tat java.lang.reflect.Method.invoke(Method.java:498)\r\n\tat org.openqa.selenium.support.pagefactory.internal.LocatingElementListHandler.invoke(LocatingElementListHandler.java:39)\r\n\tat com.sun.proxy.$Proxy15.get(Unknown Source)\r\n\tat com.onlinerautomation.page.LeftMenu.getCarType(LeftMenu.java:63)\r\n\tat com.onlinerautomation.page.AutoMarketPage.setCarFilteryType_aroundBody2(AutoMarketPage.java:74)\r\n\tat com.onlinerautomation.page.AutoMarketPage$AjcClosure3.run(AutoMarketPage.java:1)\r\n\tat org.aspectj.runtime.reflect.JoinPointImpl.proceed(JoinPointImpl.java:149)\r\n\tat io.qameta.allure.aspects.StepsAspects.step(StepsAspects.java:50)\r\n\tat com.onlinerautomation.page.AutoMarketPage.setCarFilteryType(AutoMarketPage.java:73)\r\n\tat com.onlinerautomation.test.CarMarketTest.testFilterByCarBodyTypes(CarMarketTest.java:27)\r\n\tat sun.reflect.NativeMethodAccessorImpl.invoke0(Native Method)\r\n\tat sun.reflect.NativeMethodAccessorImpl.invoke(NativeMethodAccessorImpl.java:62)\r\n\tat sun.reflect.DelegatingMethodAccessorImpl.invoke(DelegatingMethodAccessorImpl.java:43)\r\n\tat java.lang.reflect.Method.invoke(Method.java:498)\r\n\tat org.testng.internal.MethodInvocationHelper.invokeMethod(MethodInvocationHelper.java:124)\r\n\tat org.testng.internal.Invoker.invokeMethod(Invoker.java:580)\r\n\tat org.testng.internal.Invoker.invokeTestMethod(Invoker.java:716)\r\n\tat org.testng.internal.Invoker.invokeTestMethods(Invoker.java:988)\r\n\tat org.testng.internal.TestMethodWorker.invokeTestMethods(TestMethodWorker.java:125)\r\n\tat org.testng.internal.TestMethodWorker.run(TestMethodWorker.java:109)\r\n\tat org.testng.TestRunner.privateRun(TestRunner.java:648)\r\n\tat org.testng.TestRunner.run(TestRunner.java:505)\r\n\tat org.testng.SuiteRunner.runTest(SuiteRunner.java:455)\r\n\tat org.testng.SuiteRunner.runSequentially(SuiteRunner.java:450)\r\n\tat org.testng.SuiteRunner.privateRun(SuiteRunner.java:415)\r\n\tat org.testng.SuiteRunner.run(SuiteRunner.java:364)\r\n\tat org.testng.SuiteRunnerWorker.runSuite(SuiteRunnerWorker.java:52)\r\n\tat org.testng.SuiteRunnerWorker.run(SuiteRunnerWorker.java:84)\r\n\tat org.testng.TestNG.runSuitesSequentially(TestNG.java:1208)\r\n\tat org.testng.TestNG.runSuitesLocally(TestNG.java:1137)\r\n\tat org.testng.TestNG.runSuites(TestNG.java:1049)\r\n\tat org.testng.TestNG.run(TestNG.java:1017)\r\n\tat org.apache.maven.surefire.testng.TestNGExecutor.run(TestNGExecutor.java:283)\r\n\tat org.apache.maven.surefire.testng.TestNGXmlTestSuite.execute(TestNGXmlTestSuite.java:75)\r\n\tat org.apache.maven.surefire.testng.TestNGProvider.invoke(TestNGProvider.java:120)\r\n\tat org.apache.maven.surefire.booter.ForkedBooter.invokeProviderInSameClassLoader(ForkedBooter.java:379)\r\n\tat org.apache.maven.surefire.booter.ForkedBooter.runSuitesInProcess(ForkedBooter.java:340)\r\n\tat org.apache.maven.surefire.booter.ForkedBooter.execute(ForkedBooter.java:125)\r\n\tat org.apache.maven.surefire.booter.ForkedBooter.main(ForkedBooter.java:413)\r\n"},"stage":"finished","steps":[{"name":"Get list of car filtered by body type","status":"passed","stage":"finished","steps":[],"attachments":[],"parameters":[],"start":1549007045822,"stop":1549007045822},{"name":"Get cars announcement list","status":"passed","stage":"finished","steps":[],"attachments":[],"parameters":[],"start":1549007045822,"stop":1549007047192},{"name":"Select {} car","status":"broken","statusDetails":{"known":false,"muted":false,"flaky":false,"message":"-1","trace":"java.lang.ArrayIndexOutOfBoundsException: -1\r\n\tat java.util.ArrayList.elementData(ArrayList.java:422)\r\n\tat java.util.ArrayList.get(ArrayList.java:435)\r\n\tat sun.reflect.NativeMethodAccessorImpl.invoke0(Native Method)\r\n\tat sun.reflect.NativeMethodAccessorImpl.invoke(NativeMethodAccessorImpl.java:62)\r\n\tat sun.reflect.DelegatingMethodAccessorImpl.invoke(DelegatingMethodAccessorImpl.java:43)\r\n\tat java.lang.reflect.Method.invoke(Method.java:498)\r\n\tat org.openqa.selenium.support.pagefactory.internal.LocatingElementListHandler.invoke(LocatingElementListHandler.java:39)\r\n\tat com.sun.proxy.$Proxy15.get(Unknown Source)\r\n\tat com.onlinerautomation.page.LeftMenu.getCarType(LeftMenu.java:63)\r\n\tat com.onlinerautomation.page.AutoMarketPage.setCarFilteryType_aroundBody2(AutoMarketPage.java:74)\r\n\tat com.onlinerautomation.page.AutoMarketPage$AjcClosure3.run(AutoMarketPage.java:1)\r\n\tat org.aspectj.runtime.reflect.JoinPointImpl.proceed(JoinPointImpl.java:149)\r\n\tat io.qameta.allure.aspects.StepsAspects.step(StepsAspects.java:50)\r\n\tat com.onlinerautomation.page.AutoMarketPage.setCarFilteryType(AutoMarketPage.java:73)\r\n\tat com.onlinerautomation.test.CarMarketTest.testFilterByCarBodyTypes(CarMarketTest.java:27)\r\n\tat sun.reflect.NativeMethodAccessorImpl.invoke0(Native Method)\r\n\tat sun.reflect.NativeMethodAccessorImpl.invoke(NativeMethodAccessorImpl.java:62)\r\n\tat sun.reflect.DelegatingMethodAccessorImpl.invoke(DelegatingMethodAccessorImpl.java:43)\r\n\tat java.lang.reflect.Method.invoke(Method.java:498)\r\n\tat org.testng.internal.MethodInvocationHelper.invokeMethod(MethodInvocationHelper.java:124)\r\n\tat org.testng.internal.Invoker.invokeMethod(Invoker.java:580)\r\n\tat org.testng.internal.Invoker.invokeTestMethod(Invoker.java:716)\r\n\tat org.testng.internal.Invoker.invokeTestMethods(Invoker.java:988)\r\n\tat org.testng.internal.TestMethodWorker.invokeTestMethods(TestMethodWorker.java:125)\r\n\tat org.testng.internal.TestMethodWorker.run(TestMethodWorker.java:109)\r\n\tat org.testng.TestRunner.privateRun(TestRunner.java:648)\r\n\tat org.testng.TestRunner.run(TestRunner.java:505)\r\n\tat org.testng.SuiteRunner.runTest(SuiteRunner.java:455)\r\n\tat org.testng.SuiteRunner.runSequentially(SuiteRunner.java:450)\r\n\tat org.testng.SuiteRunner.privateRun(SuiteRunner.java:415)\r\n\tat org.testng.SuiteRunner.run(SuiteRunner.java:364)\r\n\tat org.testng.SuiteRunnerWorker.runSuite(SuiteRunnerWorker.java:52)\r\n\tat org.testng.SuiteRunnerWorker.run(SuiteRunnerWorker.java:84)\r\n\tat org.testng.TestNG.runSuitesSequentially(TestNG.java:1208)\r\n\tat org.testng.TestNG.runSuitesLocally(TestNG.java:1137)\r\n\tat org.testng.TestNG.runSuites(TestNG.java:1049)\r\n\tat org.testng.TestNG.run(TestNG.java:1017)\r\n\tat org.apache.maven.surefire.testng.TestNGExecutor.run(TestNGExecutor.java:283)\r\n\tat org.apache.maven.surefire.testng.TestNGXmlTestSuite.execute(TestNGXmlTestSuite.java:75)\r\n\tat org.apache.maven.surefire.testng.TestNGProvider.invoke(TestNGProvider.java:120)\r\n\tat org.apache.maven.surefire.booter.ForkedBooter.invokeProviderInSameClassLoader(ForkedBooter.java:379)\r\n\tat org.apache.maven.surefire.booter.ForkedBooter.runSuitesInProcess(ForkedBooter.java:340)\r\n\tat org.apache.maven.surefire.booter.ForkedBooter.execute(ForkedBooter.java:125)\r\n\tat org.apache.maven.surefire.booter.ForkedBooter.main(ForkedBooter.java:413)\r\n"},"stage":"finished","steps":[],"attachments":[],"parameters":[{"name":"dataList","value":"[[[ChromeDriver: chrome on XP (18386017f9e8d47d21e9ef68dc148732)] -> css selector: [class*=body_type]], [[ChromeDriver: chrome on XP (18386017f9e8d47d21e9ef68dc148732)] -> css selector: [class*=body_type]], [[ChromeDriver: chrome on XP (18386017f9e8d47d21e9ef68dc148732)] -> css selector: [class*=body_type]], [[ChromeDriver: chrome on XP (18386017f9e8d47d21e9ef68dc148732)] -> css selector: [class*=body_type]], [[ChromeDriver: chrome on XP (18386017f9e8d47d21e9ef68dc148732)] -> css selector: [class*=body_type]], [[ChromeDriver: chrome on XP (18386017f9e8d47d21e9ef68dc148732)] -> css selector: [class*=body_type]], [[ChromeDriver: chrome on XP (18386017f9e8d47d21e9ef68dc148732)] -> css selector: [class*=body_type]], [[ChromeDriver: chrome on XP (18386017f9e8d47d21e9ef68dc148732)] -> css selector: [class*=body_type]], [[ChromeDriver: chrome on XP (18386017f9e8d47d21e9ef68dc148732)] -> css selector: [class*=body_type]], [[ChromeDriver: chrome on XP (18386017f9e8d47d21e9ef68dc148732)] -> css selector: [class*=body_type]]]"},{"name":"filterData","value":"РЎРµРґР°РЅ"}],"start":1549007047253,"stop":1549007047668}],"attachments":[{"name":"Failed test screenshot","source":"1ef42188-3f64-4ac6-9c8a-4e3569bebd0d-attachment","type":"image/png"}],"parameters":[{"name":"arg0","value":"РЎРµРґР°РЅ"}],"start":1549007045822,"stop":1549007048324,"uuid":"c7c602fa-c2f7-4504-9768-8cc9313f4997","historyId":"c4023e7b616a42fb711cbbdde4742085","fullName":"com.onlinerautomation.test.CarMarketTest.testFilterByCarBodyTypes","labels":[{"name":"package","value":"com.onlinerautomation.test.CarMarketTest"},{"name":"testClass","value":"com.onlinerautomation.test.CarMarketTest"},{"name":"testMethod","value":"testFilterByCarBodyTypes"},{"name":"parentSuite","value":"Smoke"},{"name":"suite","value":"Test"},{"name":"subSuite","value":"com.onlinerautomation.test.CarMarketTest"},{"name":"host","value":"ukhatsko2097nt"},{"name":"thread","value":"28824@ukhatsko2097nt.main(1)"}],"links":[]}