{"name":"Search product in catalog","status":"failed","statusDetails":{"known":false,"muted":false,"flaky":false,"message":"Product information is not correct expected [true] but found [false]","trace":"java.lang.AssertionError: Product information is not correct expected [true] but found [false]\r\n\tat org.testng.Assert.fail(Assert.java:96)\r\n\tat org.testng.Assert.failNotEquals(Assert.java:776)\r\n\tat org.testng.Assert.assertTrue(Assert.java:44)\r\n\tat com.onlinerautomation.page.ProductPage.lambda$null$0(ProductPage.java:44)\r\n\tat java.util.Arrays$ArrayList.forEach(Arrays.java:3880)\r\n\tat com.onlinerautomation.page.ProductPage.lambda$verifyProductInfo$1(ProductPage.java:44)\r\n\tat java.util.Arrays$ArrayList.forEach(Arrays.java:3880)\r\n\tat com.onlinerautomation.page.ProductPage.verifyProductInfo_aroundBody0(ProductPage.java:43)\r\n\tat com.onlinerautomation.page.ProductPage$AjcClosure1.run(ProductPage.java:1)\r\n\tat org.aspectj.runtime.reflect.JoinPointImpl.proceed(JoinPointImpl.java:149)\r\n\tat io.qameta.allure.aspects.StepsAspects.step(StepsAspects.java:50)\r\n\tat com.onlinerautomation.page.ProductPage.verifyProductInfo(ProductPage.java:33)\r\n\tat com.onlinerautomation.test.SearchTest.testOnlinerPositiveSearch(SearchTest.java:28)\r\n\tat sun.reflect.NativeMethodAccessorImpl.invoke0(Native Method)\r\n\tat sun.reflect.NativeMethodAccessorImpl.invoke(NativeMethodAccessorImpl.java:62)\r\n\tat sun.reflect.DelegatingMethodAccessorImpl.invoke(DelegatingMethodAccessorImpl.java:43)\r\n\tat java.lang.reflect.Method.invoke(Method.java:498)\r\n\tat org.testng.internal.MethodInvocationHelper.invokeMethod(MethodInvocationHelper.java:124)\r\n\tat org.testng.internal.Invoker.invokeMethod(Invoker.java:580)\r\n\tat org.testng.internal.Invoker.invokeTestMethod(Invoker.java:716)\r\n\tat org.testng.internal.Invoker.invokeTestMethods(Invoker.java:988)\r\n\tat org.testng.internal.TestMethodWorker.invokeTestMethods(TestMethodWorker.java:125)\r\n\tat org.testng.internal.TestMethodWorker.run(TestMethodWorker.java:109)\r\n\tat org.testng.TestRunner.privateRun(TestRunner.java:648)\r\n\tat org.testng.TestRunner.run(TestRunner.java:505)\r\n\tat org.testng.SuiteRunner.runTest(SuiteRunner.java:455)\r\n\tat org.testng.SuiteRunner.runSequentially(SuiteRunner.java:450)\r\n\tat org.testng.SuiteRunner.privateRun(SuiteRunner.java:415)\r\n\tat org.testng.SuiteRunner.run(SuiteRunner.java:364)\r\n\tat org.testng.SuiteRunnerWorker.runSuite(SuiteRunnerWorker.java:52)\r\n\tat org.testng.SuiteRunnerWorker.run(SuiteRunnerWorker.java:84)\r\n\tat org.testng.TestNG.runSuitesSequentially(TestNG.java:1208)\r\n\tat org.testng.TestNG.runSuitesLocally(TestNG.java:1137)\r\n\tat org.testng.TestNG.runSuites(TestNG.java:1049)\r\n\tat org.testng.TestNG.run(TestNG.java:1017)\r\n\tat org.testng.IDEARemoteTestNG.run(IDEARemoteTestNG.java:72)\r\n\tat org.testng.RemoteTestNGStarter.main(RemoteTestNGStarter.java:123)\r\n"},"stage":"finished","steps":[{"name":"Enter search data","status":"passed","stage":"finished","steps":[],"attachments":[],"parameters":[],"start":1548931928353,"stop":1548931929904},{"name":"Select first search result","status":"passed","stage":"finished","steps":[],"attachments":[],"parameters":[],"start":1548931929905,"stop":1548931937359},{"name":"Verify product title","status":"failed","statusDetails":{"known":false,"muted":false,"flaky":false,"message":"Product information is not correct expected [true] but found [false]","trace":"java.lang.AssertionError: Product information is not correct expected [true] but found [false]\r\n\tat org.testng.Assert.fail(Assert.java:96)\r\n\tat org.testng.Assert.failNotEquals(Assert.java:776)\r\n\tat org.testng.Assert.assertTrue(Assert.java:44)\r\n\tat com.onlinerautomation.page.ProductPage.lambda$null$0(ProductPage.java:44)\r\n\tat java.util.Arrays$ArrayList.forEach(Arrays.java:3880)\r\n\tat com.onlinerautomation.page.ProductPage.lambda$verifyProductInfo$1(ProductPage.java:44)\r\n\tat java.util.Arrays$ArrayList.forEach(Arrays.java:3880)\r\n\tat com.onlinerautomation.page.ProductPage.verifyProductInfo_aroundBody0(ProductPage.java:43)\r\n\tat com.onlinerautomation.page.ProductPage$AjcClosure1.run(ProductPage.java:1)\r\n\tat org.aspectj.runtime.reflect.JoinPointImpl.proceed(JoinPointImpl.java:149)\r\n\tat io.qameta.allure.aspects.StepsAspects.step(StepsAspects.java:50)\r\n\tat com.onlinerautomation.page.ProductPage.verifyProductInfo(ProductPage.java:33)\r\n\tat com.onlinerautomation.test.SearchTest.testOnlinerPositiveSearch(SearchTest.java:28)\r\n\tat sun.reflect.NativeMethodAccessorImpl.invoke0(Native Method)\r\n\tat sun.reflect.NativeMethodAccessorImpl.invoke(NativeMethodAccessorImpl.java:62)\r\n\tat sun.reflect.DelegatingMethodAccessorImpl.invoke(DelegatingMethodAccessorImpl.java:43)\r\n\tat java.lang.reflect.Method.invoke(Method.java:498)\r\n\tat org.testng.internal.MethodInvocationHelper.invokeMethod(MethodInvocationHelper.java:124)\r\n\tat org.testng.internal.Invoker.invokeMethod(Invoker.java:580)\r\n\tat org.testng.internal.Invoker.invokeTestMethod(Invoker.java:716)\r\n\tat org.testng.internal.Invoker.invokeTestMethods(Invoker.java:988)\r\n\tat org.testng.internal.TestMethodWorker.invokeTestMethods(TestMethodWorker.java:125)\r\n\tat org.testng.internal.TestMethodWorker.run(TestMethodWorker.java:109)\r\n\tat org.testng.TestRunner.privateRun(TestRunner.java:648)\r\n\tat org.testng.TestRunner.run(TestRunner.java:505)\r\n\tat org.testng.SuiteRunner.runTest(SuiteRunner.java:455)\r\n\tat org.testng.SuiteRunner.runSequentially(SuiteRunner.java:450)\r\n\tat org.testng.SuiteRunner.privateRun(SuiteRunner.java:415)\r\n\tat org.testng.SuiteRunner.run(SuiteRunner.java:364)\r\n\tat org.testng.SuiteRunnerWorker.runSuite(SuiteRunnerWorker.java:52)\r\n\tat org.testng.SuiteRunnerWorker.run(SuiteRunnerWorker.java:84)\r\n\tat org.testng.TestNG.runSuitesSequentially(TestNG.java:1208)\r\n\tat org.testng.TestNG.runSuitesLocally(TestNG.java:1137)\r\n\tat org.testng.TestNG.runSuites(TestNG.java:1049)\r\n\tat org.testng.TestNG.run(TestNG.java:1017)\r\n\tat org.testng.IDEARemoteTestNG.run(IDEARemoteTestNG.java:72)\r\n\tat org.testng.RemoteTestNGStarter.main(RemoteTestNGStarter.java:123)\r\n"},"stage":"finished","steps":[],"attachments":[],"parameters":[{"name":"title","value":"[Apple iPhone 7 32GB Black, Apple iOS, экран 4.7\" IPS (750x1334), Apple A10 Fusion, ОЗУ 2 ГБ, флэш-память 32 ГБ, камера 12 Мп, аккумулятор 1960 мАч, 1 SIM, цвет черный]"}],"start":1548931937360,"stop":1548931938583}],"attachments":[{"name":"Failed test screenshot","source":"41c9f1c3-929c-4076-8554-147014ae05a1-attachment","type":"image/png"}],"parameters":[],"start":1548931928327,"stop":1548931939046,"uuid":"d2087c1e-9c64-4cce-983c-088c05448572","historyId":"92a4687102c3e67ce712e8af3b9c5d24","fullName":"com.onlinerautomation.test.SearchTest.testOnlinerPositiveSearch","labels":[{"name":"package","value":"com.onlinerautomation.test.SearchTest"},{"name":"testClass","value":"com.onlinerautomation.test.SearchTest"},{"name":"testMethod","value":"testOnlinerPositiveSearch"},{"name":"parentSuite","value":"Default Suite"},{"name":"suite","value":"onliner-car-sales"},{"name":"subSuite","value":"com.onlinerautomation.test.SearchTest"},{"name":"host","value":"ukhatsko2097nt"},{"name":"thread","value":"3480@ukhatsko2097nt.main(1)"}],"links":[]}