{"name":"Filtering car announcement by price","status":"failed","statusDetails":{"known":false,"muted":false,"flaky":false,"message":"Announcement Car list not contains min[ 2000$ ] max { 3000$ ] prices expected [true] but found [false]","trace":"java.lang.AssertionError: Announcement Car list not contains min[ 2000$ ] max { 3000$ ] prices expected [true] but found [false]\r\n\tat org.testng.Assert.fail(Assert.java:96)\r\n\tat org.testng.Assert.failNotEquals(Assert.java:776)\r\n\tat org.testng.Assert.assertTrue(Assert.java:44)\r\n\tat com.onlinerautomation.page.AutoMarketPage.lambda$verifyCarList$0(AutoMarketPage.java:131)\r\n\tat java.util.ArrayList.forEach(ArrayList.java:1257)\r\n\tat sun.reflect.NativeMethodAccessorImpl.invoke0(Native Method)\r\n\tat sun.reflect.NativeMethodAccessorImpl.invoke(NativeMethodAccessorImpl.java:62)\r\n\tat sun.reflect.DelegatingMethodAccessorImpl.invoke(DelegatingMethodAccessorImpl.java:43)\r\n\tat java.lang.reflect.Method.invoke(Method.java:498)\r\n\tat org.openqa.selenium.support.pagefactory.internal.LocatingElementListHandler.invoke(LocatingElementListHandler.java:39)\r\n\tat com.sun.proxy.$Proxy17.forEach(Unknown Source)\r\n\tat com.onlinerautomation.page.AutoMarketPage.verifyCarList_aroundBody12(AutoMarketPage.java:131)\r\n\tat com.onlinerautomation.page.AutoMarketPage$AjcClosure13.run(AutoMarketPage.java:1)\r\n\tat org.aspectj.runtime.reflect.JoinPointImpl.proceed(JoinPointImpl.java:149)\r\n\tat io.qameta.allure.aspects.StepsAspects.step(StepsAspects.java:50)\r\n\tat com.onlinerautomation.page.AutoMarketPage.verifyCarList(AutoMarketPage.java:129)\r\n\tat com.onlinerautomation.test.CarMarketTest.testMinPrice(CarMarketTest.java:56)\r\n\tat sun.reflect.NativeMethodAccessorImpl.invoke0(Native Method)\r\n\tat sun.reflect.NativeMethodAccessorImpl.invoke(NativeMethodAccessorImpl.java:62)\r\n\tat sun.reflect.DelegatingMethodAccessorImpl.invoke(DelegatingMethodAccessorImpl.java:43)\r\n\tat java.lang.reflect.Method.invoke(Method.java:498)\r\n\tat org.testng.internal.MethodInvocationHelper.invokeMethod(MethodInvocationHelper.java:124)\r\n\tat org.testng.internal.Invoker.invokeMethod(Invoker.java:580)\r\n\tat org.testng.internal.Invoker.invokeTestMethod(Invoker.java:716)\r\n\tat org.testng.internal.Invoker.invokeTestMethods(Invoker.java:988)\r\n\tat org.testng.internal.TestMethodWorker.invokeTestMethods(TestMethodWorker.java:125)\r\n\tat org.testng.internal.TestMethodWorker.run(TestMethodWorker.java:109)\r\n\tat org.testng.TestRunner.privateRun(TestRunner.java:648)\r\n\tat org.testng.TestRunner.run(TestRunner.java:505)\r\n\tat org.testng.SuiteRunner.runTest(SuiteRunner.java:455)\r\n\tat org.testng.SuiteRunner.runSequentially(SuiteRunner.java:450)\r\n\tat org.testng.SuiteRunner.privateRun(SuiteRunner.java:415)\r\n\tat org.testng.SuiteRunner.run(SuiteRunner.java:364)\r\n\tat org.testng.SuiteRunnerWorker.runSuite(SuiteRunnerWorker.java:52)\r\n\tat org.testng.SuiteRunnerWorker.run(SuiteRunnerWorker.java:84)\r\n\tat org.testng.TestNG.runSuitesSequentially(TestNG.java:1208)\r\n\tat org.testng.TestNG.runSuitesLocally(TestNG.java:1137)\r\n\tat org.testng.TestNG.runSuites(TestNG.java:1049)\r\n\tat org.testng.TestNG.run(TestNG.java:1017)\r\n\tat org.testng.IDEARemoteTestNG.run(IDEARemoteTestNG.java:72)\r\n\tat org.testng.RemoteTestNGStarter.main(RemoteTestNGStarter.java:123)\r\n"},"stage":"finished","steps":[{"name":"Select min price","status":"passed","stage":"finished","steps":[],"attachments":[],"parameters":[{"name":"data","value":"2000"}],"start":1549015335784,"stop":1549015337869},{"name":"Select max price","status":"passed","stage":"finished","steps":[],"attachments":[],"parameters":[{"name":"data","value":"3000"}],"start":1549015337869,"stop":1549015338226},{"name":"Verify filtering by price","status":"failed","statusDetails":{"known":false,"muted":false,"flaky":false,"message":"Announcement Car list not contains min[ 2000$ ] max { 3000$ ] prices expected [true] but found [false]","trace":"java.lang.AssertionError: Announcement Car list not contains min[ 2000$ ] max { 3000$ ] prices expected [true] but found [false]\r\n\tat org.testng.Assert.fail(Assert.java:96)\r\n\tat org.testng.Assert.failNotEquals(Assert.java:776)\r\n\tat org.testng.Assert.assertTrue(Assert.java:44)\r\n\tat com.onlinerautomation.page.AutoMarketPage.lambda$verifyCarList$0(AutoMarketPage.java:131)\r\n\tat java.util.ArrayList.forEach(ArrayList.java:1257)\r\n\tat sun.reflect.NativeMethodAccessorImpl.invoke0(Native Method)\r\n\tat sun.reflect.NativeMethodAccessorImpl.invoke(NativeMethodAccessorImpl.java:62)\r\n\tat sun.reflect.DelegatingMethodAccessorImpl.invoke(DelegatingMethodAccessorImpl.java:43)\r\n\tat java.lang.reflect.Method.invoke(Method.java:498)\r\n\tat org.openqa.selenium.support.pagefactory.internal.LocatingElementListHandler.invoke(LocatingElementListHandler.java:39)\r\n\tat com.sun.proxy.$Proxy17.forEach(Unknown Source)\r\n\tat com.onlinerautomation.page.AutoMarketPage.verifyCarList_aroundBody12(AutoMarketPage.java:131)\r\n\tat com.onlinerautomation.page.AutoMarketPage$AjcClosure13.run(AutoMarketPage.java:1)\r\n\tat org.aspectj.runtime.reflect.JoinPointImpl.proceed(JoinPointImpl.java:149)\r\n\tat io.qameta.allure.aspects.StepsAspects.step(StepsAspects.java:50)\r\n\tat com.onlinerautomation.page.AutoMarketPage.verifyCarList(AutoMarketPage.java:129)\r\n\tat com.onlinerautomation.test.CarMarketTest.testMinPrice(CarMarketTest.java:56)\r\n\tat sun.reflect.NativeMethodAccessorImpl.invoke0(Native Method)\r\n\tat sun.reflect.NativeMethodAccessorImpl.invoke(NativeMethodAccessorImpl.java:62)\r\n\tat sun.reflect.DelegatingMethodAccessorImpl.invoke(DelegatingMethodAccessorImpl.java:43)\r\n\tat java.lang.reflect.Method.invoke(Method.java:498)\r\n\tat org.testng.internal.MethodInvocationHelper.invokeMethod(MethodInvocationHelper.java:124)\r\n\tat org.testng.internal.Invoker.invokeMethod(Invoker.java:580)\r\n\tat org.testng.internal.Invoker.invokeTestMethod(Invoker.java:716)\r\n\tat org.testng.internal.Invoker.invokeTestMethods(Invoker.java:988)\r\n\tat org.testng.internal.TestMethodWorker.invokeTestMethods(TestMethodWorker.java:125)\r\n\tat org.testng.internal.TestMethodWorker.run(TestMethodWorker.java:109)\r\n\tat org.testng.TestRunner.privateRun(TestRunner.java:648)\r\n\tat org.testng.TestRunner.run(TestRunner.java:505)\r\n\tat org.testng.SuiteRunner.runTest(SuiteRunner.java:455)\r\n\tat org.testng.SuiteRunner.runSequentially(SuiteRunner.java:450)\r\n\tat org.testng.SuiteRunner.privateRun(SuiteRunner.java:415)\r\n\tat org.testng.SuiteRunner.run(SuiteRunner.java:364)\r\n\tat org.testng.SuiteRunnerWorker.runSuite(SuiteRunnerWorker.java:52)\r\n\tat org.testng.SuiteRunnerWorker.run(SuiteRunnerWorker.java:84)\r\n\tat org.testng.TestNG.runSuitesSequentially(TestNG.java:1208)\r\n\tat org.testng.TestNG.runSuitesLocally(TestNG.java:1137)\r\n\tat org.testng.TestNG.runSuites(TestNG.java:1049)\r\n\tat org.testng.TestNG.run(TestNG.java:1017)\r\n\tat org.testng.IDEARemoteTestNG.run(IDEARemoteTestNG.java:72)\r\n\tat org.testng.RemoteTestNGStarter.main(RemoteTestNGStarter.java:123)\r\n"},"stage":"finished","steps":[],"attachments":[],"parameters":[{"name":"minData","value":"2000"},{"name":"maxData","value":"3000"}],"start":1549015338226,"stop":1549015339524}],"attachments":[{"name":"Failed test screenshot","source":"c3b6e84a-db6f-47de-9b37-199d5e0a2daa-attachment","type":"image/png"}],"parameters":[{"name":"arg0","value":"2000"},{"name":"arg1","value":"3000"}],"start":1549015335784,"stop":1549015340133,"uuid":"eb282aa6-6bf4-452c-9d99-2bd9562bf13c","historyId":"b6b9657dc08df5d4c761bf4c1c1a61d1","fullName":"com.onlinerautomation.test.CarMarketTest.testMinPrice","labels":[{"name":"package","value":"com.onlinerautomation.test.CarMarketTest"},{"name":"testClass","value":"com.onlinerautomation.test.CarMarketTest"},{"name":"testMethod","value":"testMinPrice"},{"name":"parentSuite","value":"Default Suite"},{"name":"suite","value":"onliner-car-sales"},{"name":"subSuite","value":"com.onlinerautomation.test.CarMarketTest"},{"name":"host","value":"ukhatsko2097nt"},{"name":"thread","value":"23440@ukhatsko2097nt.main(1)"}],"links":[]}