<?xml version="1.0" encoding="UTF-8"?>
<!-- Generated by org.testng.reporters.JUnitXMLReporter -->
<testsuite hostname="ukhatsko2097nt" ignored="3" name="Test" tests="22" failures="18" timestamp="01 Feb 2019 07:48:20 GMT" time="300.023" errors="0">
  <testcase name="testComparePreviewAndOpenedAnnouncementData" time="5.985" classname="com.onlinerautomation.test.CarAnnouncementTest"/>
  <testcase name="testVerifyPageElements" time="7.184" classname="com.onlinerautomation.test.CarAnnouncementTest"/>
  <testcase name="testFilterByCarBodyTypes" time="1.85" classname="com.onlinerautomation.test.CarMarketTest">
    <failure type="java.lang.ArrayIndexOutOfBoundsException" message="-1">
      <![CDATA[java.lang.ArrayIndexOutOfBoundsException: -1
at java.util.ArrayList.elementData(ArrayList.java:422)
at java.util.ArrayList.get(ArrayList.java:435)
at org.openqa.selenium.support.pagefactory.internal.LocatingElementListHandler.invoke(LocatingElementListHandler.java:39)
at com.sun.proxy.$Proxy15.get(Unknown Source)
at com.onlinerautomation.page.LeftMenu.getCarType(LeftMenu.java:63)
at com.onlinerautomation.page.AutoMarketPage.setCarFilteryType_aroundBody2(AutoMarketPage.java:74)
at com.onlinerautomation.page.AutoMarketPage$AjcClosure3.run(AutoMarketPage.java:1)
at io.qameta.allure.aspects.StepsAspects.step(StepsAspects.java:50)
at com.onlinerautomation.page.AutoMarketPage.setCarFilteryType(AutoMarketPage.java:73)
at com.onlinerautomation.test.CarMarketTest.testFilterByCarBodyTypes(CarMarketTest.java:27)
... Removed 34 stack frames]]>
    </failure>
  </testcase> <!-- testFilterByCarBodyTypes -->
  <testcase name="testFilterByCarBodyTypes" time="1.454" classname="com.onlinerautomation.test.CarMarketTest">
    <failure type="java.lang.ArrayIndexOutOfBoundsException">
      <![CDATA[java.lang.ArrayIndexOutOfBoundsException
]]>
    </failure>
  </testcase> <!-- testFilterByCarBodyTypes -->
  <testcase name="testFilterByCarBodyTypes" time="1.442" classname="com.onlinerautomation.test.CarMarketTest">
    <failure type="java.lang.ArrayIndexOutOfBoundsException">
      <![CDATA[java.lang.ArrayIndexOutOfBoundsException
]]>
    </failure>
  </testcase> <!-- testFilterByCarBodyTypes -->
  <testcase name="testFilterByCarBodyTypes" time="1.928" classname="com.onlinerautomation.test.CarMarketTest">
    <failure type="java.lang.ArrayIndexOutOfBoundsException">
      <![CDATA[java.lang.ArrayIndexOutOfBoundsException
]]>
    </failure>
  </testcase> <!-- testFilterByCarBodyTypes -->
  <testcase name="testFilterByCarBodyTypes" time="1.487" classname="com.onlinerautomation.test.CarMarketTest">
    <failure type="java.lang.ArrayIndexOutOfBoundsException">
      <![CDATA[java.lang.ArrayIndexOutOfBoundsException
]]>
    </failure>
  </testcase> <!-- testFilterByCarBodyTypes -->
  <testcase name="testFilterByCarBodyTypes" time="1.845" classname="com.onlinerautomation.test.CarMarketTest">
    <failure type="java.lang.ArrayIndexOutOfBoundsException">
      <![CDATA[java.lang.ArrayIndexOutOfBoundsException
]]>
    </failure>
  </testcase> <!-- testFilterByCarBodyTypes -->
  <testcase name="testFilterByCarBodyTypes" time="1.88" classname="com.onlinerautomation.test.CarMarketTest">
    <failure type="java.lang.ArrayIndexOutOfBoundsException">
      <![CDATA[java.lang.ArrayIndexOutOfBoundsException
]]>
    </failure>
  </testcase> <!-- testFilterByCarBodyTypes -->
  <testcase name="testFilterByCarBodyTypes" time="1.849" classname="com.onlinerautomation.test.CarMarketTest">
    <failure type="java.lang.ArrayIndexOutOfBoundsException">
      <![CDATA[java.lang.ArrayIndexOutOfBoundsException
]]>
    </failure>
  </testcase> <!-- testFilterByCarBodyTypes -->
  <testcase name="testFilterByCarBodyTypes" time="1.893" classname="com.onlinerautomation.test.CarMarketTest">
    <failure type="java.lang.ArrayIndexOutOfBoundsException">
      <![CDATA[java.lang.ArrayIndexOutOfBoundsException
]]>
    </failure>
  </testcase> <!-- testFilterByCarBodyTypes -->
  <testcase name="testFilterByCarBodyTypes" time="1.981" classname="com.onlinerautomation.test.CarMarketTest">
    <failure type="java.lang.ArrayIndexOutOfBoundsException">
      <![CDATA[java.lang.ArrayIndexOutOfBoundsException
]]>
    </failure>
  </testcase> <!-- testFilterByCarBodyTypes -->
  <testcase name="testFilterByCarEngineType" time="1.622" classname="com.onlinerautomation.test.CarMarketTest">
    <failure type="java.lang.ArrayIndexOutOfBoundsException">
      <![CDATA[java.lang.ArrayIndexOutOfBoundsException
]]>
    </failure>
  </testcase> <!-- testFilterByCarEngineType -->
  <testcase name="testFilterByCarEngineType" time="1.698" classname="com.onlinerautomation.test.CarMarketTest">
    <failure type="java.lang.ArrayIndexOutOfBoundsException">
      <![CDATA[java.lang.ArrayIndexOutOfBoundsException
]]>
    </failure>
  </testcase> <!-- testFilterByCarEngineType -->
  <testcase name="testFilterByCarEngineType" time="1.756" classname="com.onlinerautomation.test.CarMarketTest">
    <failure type="java.lang.ArrayIndexOutOfBoundsException">
      <![CDATA[java.lang.ArrayIndexOutOfBoundsException
]]>
    </failure>
  </testcase> <!-- testFilterByCarEngineType -->
  <testcase name="testFilterByCarEngineType" time="1.498" classname="com.onlinerautomation.test.CarMarketTest">
    <failure type="java.lang.ArrayIndexOutOfBoundsException">
      <![CDATA[java.lang.ArrayIndexOutOfBoundsException
]]>
    </failure>
  </testcase> <!-- testFilterByCarEngineType -->
  <testcase name="testFilterByCarEngineType" time="1.328" classname="com.onlinerautomation.test.CarMarketTest">
    <failure type="java.lang.ArrayIndexOutOfBoundsException">
      <![CDATA[java.lang.ArrayIndexOutOfBoundsException
]]>
    </failure>
  </testcase> <!-- testFilterByCarEngineType -->
  <testcase name="testFilterByCarTransmissionType" time="1.202" classname="com.onlinerautomation.test.CarMarketTest">
    <failure type="java.lang.ArrayIndexOutOfBoundsException">
      <![CDATA[java.lang.ArrayIndexOutOfBoundsException
]]>
    </failure>
  </testcase> <!-- testFilterByCarTransmissionType -->
  <testcase name="testFilterByCarTransmissionType" time="1.43" classname="com.onlinerautomation.test.CarMarketTest">
    <failure type="java.lang.ArrayIndexOutOfBoundsException">
      <![CDATA[java.lang.ArrayIndexOutOfBoundsException
]]>
    </failure>
  </testcase> <!-- testFilterByCarTransmissionType -->
  <testcase name="testOnlinerHomePage" time="1.131" classname="com.onlinerautomation.test.OnlinerHomePageTest"/>
  <testcase name="testOnlinerPositiveSearch" time="12.363" classname="com.onlinerautomation.test.SearchTest">
    <failure type="java.lang.AssertionError" message="Product information is not correct: Lists differ at element [0]: Apple iPhone 7 32GB Black != Смартфон Apple iPhone 7 32GB Black expected [Apple iPhone 7 32GB Black] but found [Смартфон Apple iPhone 7 32GB Black]">
      <![CDATA[java.lang.AssertionError: Product information is not correct: Lists differ at element [0]: Apple iPhone 7 32GB Black != Смартфон Apple iPhone 7 32GB Black expected [Apple iPhone 7 32GB Black] but found [Смартфон Apple iPhone 7 32GB Black]
at com.onlinerautomation.page.ProductPage.verifyProductInfo_aroundBody0(ProductPage.java:37)
at com.onlinerautomation.page.ProductPage$AjcClosure1.run(ProductPage.java:1)
at io.qameta.allure.aspects.StepsAspects.step(StepsAspects.java:50)
at com.onlinerautomation.page.ProductPage.verifyProductInfo(ProductPage.java:35)
at com.onlinerautomation.test.SearchTest.testOnlinerPositiveSearch(SearchTest.java:28)
... Removed 34 stack frames]]>
    </failure>
  </testcase> <!-- testOnlinerPositiveSearch -->
  <testcase name="testProductPageElements" time="6.704" classname="com.onlinerautomation.test.SearchTest"/>
  <testcase name="@BeforeSuite initTestSuite" time="0.0" classname="com.onlinerautomation.TestBase">
    <ignored/>
  </testcase> <!-- @BeforeSuite initTestSuite -->
  <testcase name="@BeforeSuite initTestSuite" time="0.0" classname="com.onlinerautomation.TestBase">
    <ignored/>
  </testcase> <!-- @BeforeSuite initTestSuite -->
  <testcase name="@BeforeSuite initTestSuite" time="0.0" classname="com.onlinerautomation.TestBase">
    <ignored/>
  </testcase> <!-- @BeforeSuite initTestSuite -->
</testsuite> <!-- Test -->
