<?xml version="1.0" encoding="UTF-8"?>
<testng-results skipped="0" failed="18" ignored="3" total="25" passed="4">
  <reporter-output>
  </reporter-output>
  <suite name="Smoke" duration-ms="300023" started-at="2019-02-01T07:43:20Z" finished-at="2019-02-01T07:48:20Z">
    <groups>
    </groups>
    <test name="Test" duration-ms="300023" started-at="2019-02-01T07:43:20Z" finished-at="2019-02-01T07:48:20Z">
      <class name="com.onlinerautomation.test.CarMarketTest">
        <test-method status="PASS" signature="prepareForTestMethod(java.lang.reflect.Method)[pri:0, instance:com.onlinerautomation.test.CarMarketTest@345e5a17]" name="prepareForTestMethod" is-config="true" duration-ms="5809" started-at="2019-02-01T07:43:56Z" finished-at="2019-02-01T07:44:02Z">
          <params>
            <param index="0">
              <value>
                <![CDATA[public void com.onlinerautomation.test.CarMarketTest.testFilterByCarBodyTypes(java.lang.String)]]>
              </value>
            </param>
          </params>
          <reporter-output>
          </reporter-output>
        </test-method> <!-- prepareForTestMethod -->
        <test-method status="PASS" signature="beforeMethod()[pri:0, instance:com.onlinerautomation.test.CarMarketTest@345e5a17]" name="beforeMethod" is-config="true" duration-ms="3480" started-at="2019-02-01T07:44:02Z" finished-at="2019-02-01T07:44:05Z">
          <reporter-output>
          </reporter-output>
        </test-method> <!-- beforeMethod -->
        <test-method status="FAIL" signature="testFilterByCarBodyTypes(java.lang.String)[pri:0, instance:com.onlinerautomation.test.CarMarketTest@345e5a17]" name="testFilterByCarBodyTypes" duration-ms="1850" started-at="2019-02-01T07:44:05Z" description="Select car by body type" data-provider="Filter by car body types" finished-at="2019-02-01T07:44:07Z">
          <params>
            <param index="0">
              <value>
                <![CDATA[РЎРµРґР°РЅ]]>
              </value>
            </param>
          </params>
          <exception class="java.lang.ArrayIndexOutOfBoundsException">
            <message>
              <![CDATA[-1]]>
            </message>
            <full-stacktrace>
              <![CDATA[java.lang.ArrayIndexOutOfBoundsException: -1
at java.util.ArrayList.elementData(ArrayList.java:422)
at java.util.ArrayList.get(ArrayList.java:435)
at sun.reflect.NativeMethodAccessorImpl.invoke0(Native Method)
at sun.reflect.NativeMethodAccessorImpl.invoke(NativeMethodAccessorImpl.java:62)
at sun.reflect.DelegatingMethodAccessorImpl.invoke(DelegatingMethodAccessorImpl.java:43)
at java.lang.reflect.Method.invoke(Method.java:498)
at org.openqa.selenium.support.pagefactory.internal.LocatingElementListHandler.invoke(LocatingElementListHandler.java:39)
at com.sun.proxy.$Proxy15.get(Unknown Source)
at com.onlinerautomation.page.LeftMenu.getCarType(LeftMenu.java:63)
at com.onlinerautomation.page.AutoMarketPage.setCarFilteryType_aroundBody2(AutoMarketPage.java:74)
at com.onlinerautomation.page.AutoMarketPage$AjcClosure3.run(AutoMarketPage.java:1)
at org.aspectj.runtime.reflect.JoinPointImpl.proceed(JoinPointImpl.java:149)
at io.qameta.allure.aspects.StepsAspects.step(StepsAspects.java:50)
at com.onlinerautomation.page.AutoMarketPage.setCarFilteryType(AutoMarketPage.java:73)
at com.onlinerautomation.test.CarMarketTest.testFilterByCarBodyTypes(CarMarketTest.java:27)
at sun.reflect.NativeMethodAccessorImpl.invoke0(Native Method)
at sun.reflect.NativeMethodAccessorImpl.invoke(NativeMethodAccessorImpl.java:62)
at sun.reflect.DelegatingMethodAccessorImpl.invoke(DelegatingMethodAccessorImpl.java:43)
at java.lang.reflect.Method.invoke(Method.java:498)
at org.testng.internal.MethodInvocationHelper.invokeMethod(MethodInvocationHelper.java:124)
at org.testng.internal.Invoker.invokeMethod(Invoker.java:580)
at org.testng.internal.Invoker.invokeTestMethod(Invoker.java:716)
at org.testng.internal.Invoker.invokeTestMethods(Invoker.java:988)
at org.testng.internal.TestMethodWorker.invokeTestMethods(TestMethodWorker.java:125)
at org.testng.internal.TestMethodWorker.run(TestMethodWorker.java:109)
at org.testng.TestRunner.privateRun(TestRunner.java:648)
at org.testng.TestRunner.run(TestRunner.java:505)
at org.testng.SuiteRunner.runTest(SuiteRunner.java:455)
at org.testng.SuiteRunner.runSequentially(SuiteRunner.java:450)
at org.testng.SuiteRunner.privateRun(SuiteRunner.java:415)
at org.testng.SuiteRunner.run(SuiteRunner.java:364)
at org.testng.SuiteRunnerWorker.runSuite(SuiteRunnerWorker.java:52)
at org.testng.SuiteRunnerWorker.run(SuiteRunnerWorker.java:84)
at org.testng.TestNG.runSuitesSequentially(TestNG.java:1208)
at org.testng.TestNG.runSuitesLocally(TestNG.java:1137)
at org.testng.TestNG.runSuites(TestNG.java:1049)
at org.testng.TestNG.run(TestNG.java:1017)
at org.apache.maven.surefire.testng.TestNGExecutor.run(TestNGExecutor.java:283)
at org.apache.maven.surefire.testng.TestNGXmlTestSuite.execute(TestNGXmlTestSuite.java:75)
at org.apache.maven.surefire.testng.TestNGProvider.invoke(TestNGProvider.java:120)
at org.apache.maven.surefire.booter.ForkedBooter.invokeProviderInSameClassLoader(ForkedBooter.java:379)
at org.apache.maven.surefire.booter.ForkedBooter.runSuitesInProcess(ForkedBooter.java:340)
at org.apache.maven.surefire.booter.ForkedBooter.execute(ForkedBooter.java:125)
at org.apache.maven.surefire.booter.ForkedBooter.main(ForkedBooter.java:413)
]]>
            </full-stacktrace>
          </exception> <!-- java.lang.ArrayIndexOutOfBoundsException -->
          <reporter-output>
          </reporter-output>
        </test-method> <!-- testFilterByCarBodyTypes -->
        <test-method status="PASS" signature="tearDown()[pri:0, instance:com.onlinerautomation.test.CarMarketTest@345e5a17]" name="tearDown" is-config="true" duration-ms="1006" started-at="2019-02-01T07:44:08Z" finished-at="2019-02-01T07:44:09Z">
          <reporter-output>
          </reporter-output>
        </test-method> <!-- tearDown -->
        <test-method status="PASS" signature="prepareForTestMethod(java.lang.reflect.Method)[pri:0, instance:com.onlinerautomation.test.CarMarketTest@345e5a17]" name="prepareForTestMethod" is-config="true" duration-ms="5903" started-at="2019-02-01T07:44:09Z" finished-at="2019-02-01T07:44:15Z">
          <params>
            <param index="0">
              <value>
                <![CDATA[public void com.onlinerautomation.test.CarMarketTest.testFilterByCarBodyTypes(java.lang.String)]]>
              </value>
            </param>
          </params>
          <reporter-output>
          </reporter-output>
        </test-method> <!-- prepareForTestMethod -->
        <test-method status="PASS" signature="beforeMethod()[pri:0, instance:com.onlinerautomation.test.CarMarketTest@345e5a17]" name="beforeMethod" is-config="true" duration-ms="5571" started-at="2019-02-01T07:44:15Z" finished-at="2019-02-01T07:44:20Z">
          <reporter-output>
          </reporter-output>
        </test-method> <!-- beforeMethod -->
        <test-method status="FAIL" signature="testFilterByCarBodyTypes(java.lang.String)[pri:0, instance:com.onlinerautomation.test.CarMarketTest@345e5a17]" name="testFilterByCarBodyTypes" duration-ms="1454" started-at="2019-02-01T07:44:20Z" description="Select car by body type" data-provider="Filter by car body types" finished-at="2019-02-01T07:44:22Z">
          <params>
            <param index="0">
              <value>
                <![CDATA[РЈРЅРёРІРµСЂСЃР°Р»]]>
              </value>
            </param>
          </params>
          <exception class="java.lang.ArrayIndexOutOfBoundsException">
            <full-stacktrace>
              <![CDATA[java.lang.ArrayIndexOutOfBoundsException
]]>
            </full-stacktrace>
          </exception> <!-- java.lang.ArrayIndexOutOfBoundsException -->
          <reporter-output>
          </reporter-output>
        </test-method> <!-- testFilterByCarBodyTypes -->
        <test-method status="PASS" signature="tearDown()[pri:0, instance:com.onlinerautomation.test.CarMarketTest@345e5a17]" name="tearDown" is-config="true" duration-ms="977" started-at="2019-02-01T07:44:22Z" finished-at="2019-02-01T07:44:23Z">
          <reporter-output>
          </reporter-output>
        </test-method> <!-- tearDown -->
        <test-method status="PASS" signature="prepareForTestMethod(java.lang.reflect.Method)[pri:0, instance:com.onlinerautomation.test.CarMarketTest@345e5a17]" name="prepareForTestMethod" is-config="true" duration-ms="6044" started-at="2019-02-01T07:44:23Z" finished-at="2019-02-01T07:44:29Z">
          <params>
            <param index="0">
              <value>
                <![CDATA[public void com.onlinerautomation.test.CarMarketTest.testFilterByCarBodyTypes(java.lang.String)]]>
              </value>
            </param>
          </params>
          <reporter-output>
          </reporter-output>
        </test-method> <!-- prepareForTestMethod -->
        <test-method status="PASS" signature="beforeMethod()[pri:0, instance:com.onlinerautomation.test.CarMarketTest@345e5a17]" name="beforeMethod" is-config="true" duration-ms="4908" started-at="2019-02-01T07:44:29Z" finished-at="2019-02-01T07:44:34Z">
          <reporter-output>
          </reporter-output>
        </test-method> <!-- beforeMethod -->
        <test-method status="FAIL" signature="testFilterByCarBodyTypes(java.lang.String)[pri:0, instance:com.onlinerautomation.test.CarMarketTest@345e5a17]" name="testFilterByCarBodyTypes" duration-ms="1442" started-at="2019-02-01T07:44:34Z" description="Select car by body type" data-provider="Filter by car body types" finished-at="2019-02-01T07:44:36Z">
          <params>
            <param index="0">
              <value>
                <![CDATA[РҐРµС‚С‡Р±СЌРє]]>
              </value>
            </param>
          </params>
          <exception class="java.lang.ArrayIndexOutOfBoundsException">
            <full-stacktrace>
              <![CDATA[java.lang.ArrayIndexOutOfBoundsException
]]>
            </full-stacktrace>
          </exception> <!-- java.lang.ArrayIndexOutOfBoundsException -->
          <reporter-output>
          </reporter-output>
        </test-method> <!-- testFilterByCarBodyTypes -->
        <test-method status="PASS" signature="tearDown()[pri:0, instance:com.onlinerautomation.test.CarMarketTest@345e5a17]" name="tearDown" is-config="true" duration-ms="988" started-at="2019-02-01T07:44:36Z" finished-at="2019-02-01T07:44:37Z">
          <reporter-output>
          </reporter-output>
        </test-method> <!-- tearDown -->
        <test-method status="PASS" signature="prepareForTestMethod(java.lang.reflect.Method)[pri:0, instance:com.onlinerautomation.test.CarMarketTest@345e5a17]" name="prepareForTestMethod" is-config="true" duration-ms="5937" started-at="2019-02-01T07:44:37Z" finished-at="2019-02-01T07:44:43Z">
          <params>
            <param index="0">
              <value>
                <![CDATA[public void com.onlinerautomation.test.CarMarketTest.testFilterByCarBodyTypes(java.lang.String)]]>
              </value>
            </param>
          </params>
          <reporter-output>
          </reporter-output>
        </test-method> <!-- prepareForTestMethod -->
        <test-method status="PASS" signature="beforeMethod()[pri:0, instance:com.onlinerautomation.test.CarMarketTest@345e5a17]" name="beforeMethod" is-config="true" duration-ms="3098" started-at="2019-02-01T07:44:43Z" finished-at="2019-02-01T07:44:46Z">
          <reporter-output>
          </reporter-output>
        </test-method> <!-- beforeMethod -->
        <test-method status="FAIL" signature="testFilterByCarBodyTypes(java.lang.String)[pri:0, instance:com.onlinerautomation.test.CarMarketTest@345e5a17]" name="testFilterByCarBodyTypes" duration-ms="1928" started-at="2019-02-01T07:44:46Z" description="Select car by body type" data-provider="Filter by car body types" finished-at="2019-02-01T07:44:48Z">
          <params>
            <param index="0">
              <value>
                <![CDATA[РњРёРЅРёРІСЌРЅ]]>
              </value>
            </param>
          </params>
          <exception class="java.lang.ArrayIndexOutOfBoundsException">
            <full-stacktrace>
              <![CDATA[java.lang.ArrayIndexOutOfBoundsException
]]>
            </full-stacktrace>
          </exception> <!-- java.lang.ArrayIndexOutOfBoundsException -->
          <reporter-output>
          </reporter-output>
        </test-method> <!-- testFilterByCarBodyTypes -->
        <test-method status="PASS" signature="tearDown()[pri:0, instance:com.onlinerautomation.test.CarMarketTest@345e5a17]" name="tearDown" is-config="true" duration-ms="943" started-at="2019-02-01T07:44:49Z" finished-at="2019-02-01T07:44:50Z">
          <reporter-output>
          </reporter-output>
        </test-method> <!-- tearDown -->
        <test-method status="PASS" signature="prepareForTestMethod(java.lang.reflect.Method)[pri:0, instance:com.onlinerautomation.test.CarMarketTest@345e5a17]" name="prepareForTestMethod" is-config="true" duration-ms="6105" started-at="2019-02-01T07:44:50Z" finished-at="2019-02-01T07:44:56Z">
          <params>
            <param index="0">
              <value>
                <![CDATA[public void com.onlinerautomation.test.CarMarketTest.testFilterByCarBodyTypes(java.lang.String)]]>
              </value>
            </param>
          </params>
          <reporter-output>
          </reporter-output>
        </test-method> <!-- prepareForTestMethod -->
        <test-method status="PASS" signature="beforeMethod()[pri:0, instance:com.onlinerautomation.test.CarMarketTest@345e5a17]" name="beforeMethod" is-config="true" duration-ms="3450" started-at="2019-02-01T07:44:56Z" finished-at="2019-02-01T07:45:00Z">
          <reporter-output>
          </reporter-output>
        </test-method> <!-- beforeMethod -->
        <test-method status="FAIL" signature="testFilterByCarBodyTypes(java.lang.String)[pri:0, instance:com.onlinerautomation.test.CarMarketTest@345e5a17]" name="testFilterByCarBodyTypes" duration-ms="1487" started-at="2019-02-01T07:45:00Z" description="Select car by body type" data-provider="Filter by car body types" finished-at="2019-02-01T07:45:01Z">
          <params>
            <param index="0">
              <value>
                <![CDATA[Р’РЅРµРґРѕСЂРѕР¶РЅРёРє]]>
              </value>
            </param>
          </params>
          <exception class="java.lang.ArrayIndexOutOfBoundsException">
            <full-stacktrace>
              <![CDATA[java.lang.ArrayIndexOutOfBoundsException
]]>
            </full-stacktrace>
          </exception> <!-- java.lang.ArrayIndexOutOfBoundsException -->
          <reporter-output>
          </reporter-output>
        </test-method> <!-- testFilterByCarBodyTypes -->
        <test-method status="PASS" signature="tearDown()[pri:0, instance:com.onlinerautomation.test.CarMarketTest@345e5a17]" name="tearDown" is-config="true" duration-ms="954" started-at="2019-02-01T07:45:02Z" finished-at="2019-02-01T07:45:03Z">
          <reporter-output>
          </reporter-output>
        </test-method> <!-- tearDown -->
        <test-method status="PASS" signature="prepareForTestMethod(java.lang.reflect.Method)[pri:0, instance:com.onlinerautomation.test.CarMarketTest@345e5a17]" name="prepareForTestMethod" is-config="true" duration-ms="5979" started-at="2019-02-01T07:45:03Z" finished-at="2019-02-01T07:45:09Z">
          <params>
            <param index="0">
              <value>
                <![CDATA[public void com.onlinerautomation.test.CarMarketTest.testFilterByCarBodyTypes(java.lang.String)]]>
              </value>
            </param>
          </params>
          <reporter-output>
          </reporter-output>
        </test-method> <!-- prepareForTestMethod -->
        <test-method status="PASS" signature="beforeMethod()[pri:0, instance:com.onlinerautomation.test.CarMarketTest@345e5a17]" name="beforeMethod" is-config="true" duration-ms="3551" started-at="2019-02-01T07:45:09Z" finished-at="2019-02-01T07:45:12Z">
          <reporter-output>
          </reporter-output>
        </test-method> <!-- beforeMethod -->
        <test-method status="FAIL" signature="testFilterByCarBodyTypes(java.lang.String)[pri:0, instance:com.onlinerautomation.test.CarMarketTest@345e5a17]" name="testFilterByCarBodyTypes" duration-ms="1845" started-at="2019-02-01T07:45:12Z" description="Select car by body type" data-provider="Filter by car body types" finished-at="2019-02-01T07:45:14Z">
          <params>
            <param index="0">
              <value>
                <![CDATA[РљСѓРїРµ]]>
              </value>
            </param>
          </params>
          <exception class="java.lang.ArrayIndexOutOfBoundsException">
            <full-stacktrace>
              <![CDATA[java.lang.ArrayIndexOutOfBoundsException
]]>
            </full-stacktrace>
          </exception> <!-- java.lang.ArrayIndexOutOfBoundsException -->
          <reporter-output>
          </reporter-output>
        </test-method> <!-- testFilterByCarBodyTypes -->
        <test-method status="PASS" signature="tearDown()[pri:0, instance:com.onlinerautomation.test.CarMarketTest@345e5a17]" name="tearDown" is-config="true" duration-ms="958" started-at="2019-02-01T07:45:14Z" finished-at="2019-02-01T07:45:15Z">
          <reporter-output>
          </reporter-output>
        </test-method> <!-- tearDown -->
        <test-method status="PASS" signature="prepareForTestMethod(java.lang.reflect.Method)[pri:0, instance:com.onlinerautomation.test.CarMarketTest@345e5a17]" name="prepareForTestMethod" is-config="true" duration-ms="5964" started-at="2019-02-01T07:45:15Z" finished-at="2019-02-01T07:45:21Z">
          <params>
            <param index="0">
              <value>
                <![CDATA[public void com.onlinerautomation.test.CarMarketTest.testFilterByCarBodyTypes(java.lang.String)]]>
              </value>
            </param>
          </params>
          <reporter-output>
          </reporter-output>
        </test-method> <!-- prepareForTestMethod -->
        <test-method status="PASS" signature="beforeMethod()[pri:0, instance:com.onlinerautomation.test.CarMarketTest@345e5a17]" name="beforeMethod" is-config="true" duration-ms="3563" started-at="2019-02-01T07:45:21Z" finished-at="2019-02-01T07:45:25Z">
          <reporter-output>
          </reporter-output>
        </test-method> <!-- beforeMethod -->
        <test-method status="FAIL" signature="testFilterByCarBodyTypes(java.lang.String)[pri:0, instance:com.onlinerautomation.test.CarMarketTest@345e5a17]" name="testFilterByCarBodyTypes" duration-ms="1880" started-at="2019-02-01T07:45:25Z" description="Select car by body type" data-provider="Filter by car body types" finished-at="2019-02-01T07:45:27Z">
          <params>
            <param index="0">
              <value>
                <![CDATA[РљР°Р±СЂРёРѕР»РµС‚]]>
              </value>
            </param>
          </params>
          <exception class="java.lang.ArrayIndexOutOfBoundsException">
            <full-stacktrace>
              <![CDATA[java.lang.ArrayIndexOutOfBoundsException
]]>
            </full-stacktrace>
          </exception> <!-- java.lang.ArrayIndexOutOfBoundsException -->
          <reporter-output>
          </reporter-output>
        </test-method> <!-- testFilterByCarBodyTypes -->
        <test-method status="PASS" signature="tearDown()[pri:0, instance:com.onlinerautomation.test.CarMarketTest@345e5a17]" name="tearDown" is-config="true" duration-ms="985" started-at="2019-02-01T07:45:28Z" finished-at="2019-02-01T07:45:29Z">
          <reporter-output>
          </reporter-output>
        </test-method> <!-- tearDown -->
        <test-method status="PASS" signature="prepareForTestMethod(java.lang.reflect.Method)[pri:0, instance:com.onlinerautomation.test.CarMarketTest@345e5a17]" name="prepareForTestMethod" is-config="true" duration-ms="5911" started-at="2019-02-01T07:45:29Z" finished-at="2019-02-01T07:45:34Z">
          <params>
            <param index="0">
              <value>
                <![CDATA[public void com.onlinerautomation.test.CarMarketTest.testFilterByCarBodyTypes(java.lang.String)]]>
              </value>
            </param>
          </params>
          <reporter-output>
          </reporter-output>
        </test-method> <!-- prepareForTestMethod -->
        <test-method status="PASS" signature="beforeMethod()[pri:0, instance:com.onlinerautomation.test.CarMarketTest@345e5a17]" name="beforeMethod" is-config="true" duration-ms="3682" started-at="2019-02-01T07:45:34Z" finished-at="2019-02-01T07:45:38Z">
          <reporter-output>
          </reporter-output>
        </test-method> <!-- beforeMethod -->
        <test-method status="FAIL" signature="testFilterByCarBodyTypes(java.lang.String)[pri:0, instance:com.onlinerautomation.test.CarMarketTest@345e5a17]" name="testFilterByCarBodyTypes" duration-ms="1849" started-at="2019-02-01T07:45:38Z" description="Select car by body type" data-provider="Filter by car body types" finished-at="2019-02-01T07:45:40Z">
          <params>
            <param index="0">
              <value>
                <![CDATA[РњРёРєСЂРѕР°РІС‚РѕР±СѓСЃ]]>
              </value>
            </param>
          </params>
          <exception class="java.lang.ArrayIndexOutOfBoundsException">
            <full-stacktrace>
              <![CDATA[java.lang.ArrayIndexOutOfBoundsException
]]>
            </full-stacktrace>
          </exception> <!-- java.lang.ArrayIndexOutOfBoundsException -->
          <reporter-output>
          </reporter-output>
        </test-method> <!-- testFilterByCarBodyTypes -->
        <test-method status="PASS" signature="tearDown()[pri:0, instance:com.onlinerautomation.test.CarMarketTest@345e5a17]" name="tearDown" is-config="true" duration-ms="988" started-at="2019-02-01T07:45:41Z" finished-at="2019-02-01T07:45:42Z">
          <reporter-output>
          </reporter-output>
        </test-method> <!-- tearDown -->
        <test-method status="PASS" signature="prepareForTestMethod(java.lang.reflect.Method)[pri:0, instance:com.onlinerautomation.test.CarMarketTest@345e5a17]" name="prepareForTestMethod" is-config="true" duration-ms="5950" started-at="2019-02-01T07:45:42Z" finished-at="2019-02-01T07:45:48Z">
          <params>
            <param index="0">
              <value>
                <![CDATA[public void com.onlinerautomation.test.CarMarketTest.testFilterByCarBodyTypes(java.lang.String)]]>
              </value>
            </param>
          </params>
          <reporter-output>
          </reporter-output>
        </test-method> <!-- prepareForTestMethod -->
        <test-method status="PASS" signature="beforeMethod()[pri:0, instance:com.onlinerautomation.test.CarMarketTest@345e5a17]" name="beforeMethod" is-config="true" duration-ms="3481" started-at="2019-02-01T07:45:48Z" finished-at="2019-02-01T07:45:51Z">
          <reporter-output>
          </reporter-output>
        </test-method> <!-- beforeMethod -->
        <test-method status="FAIL" signature="testFilterByCarBodyTypes(java.lang.String)[pri:0, instance:com.onlinerautomation.test.CarMarketTest@345e5a17]" name="testFilterByCarBodyTypes" duration-ms="1893" started-at="2019-02-01T07:45:51Z" description="Select car by body type" data-provider="Filter by car body types" finished-at="2019-02-01T07:45:53Z">
          <params>
            <param index="0">
              <value>
                <![CDATA[РџРёРєР°Рї]]>
              </value>
            </param>
          </params>
          <exception class="java.lang.ArrayIndexOutOfBoundsException">
            <full-stacktrace>
              <![CDATA[java.lang.ArrayIndexOutOfBoundsException
]]>
            </full-stacktrace>
          </exception> <!-- java.lang.ArrayIndexOutOfBoundsException -->
          <reporter-output>
          </reporter-output>
        </test-method> <!-- testFilterByCarBodyTypes -->
        <test-method status="PASS" signature="tearDown()[pri:0, instance:com.onlinerautomation.test.CarMarketTest@345e5a17]" name="tearDown" is-config="true" duration-ms="1042" started-at="2019-02-01T07:45:54Z" finished-at="2019-02-01T07:45:55Z">
          <reporter-output>
          </reporter-output>
        </test-method> <!-- tearDown -->
        <test-method status="PASS" signature="prepareForTestMethod(java.lang.reflect.Method)[pri:0, instance:com.onlinerautomation.test.CarMarketTest@345e5a17]" name="prepareForTestMethod" is-config="true" duration-ms="6334" started-at="2019-02-01T07:45:55Z" finished-at="2019-02-01T07:46:01Z">
          <params>
            <param index="0">
              <value>
                <![CDATA[public void com.onlinerautomation.test.CarMarketTest.testFilterByCarBodyTypes(java.lang.String)]]>
              </value>
            </param>
          </params>
          <reporter-output>
          </reporter-output>
        </test-method> <!-- prepareForTestMethod -->
        <test-method status="PASS" signature="beforeMethod()[pri:0, instance:com.onlinerautomation.test.CarMarketTest@345e5a17]" name="beforeMethod" is-config="true" duration-ms="3869" started-at="2019-02-01T07:46:01Z" finished-at="2019-02-01T07:46:05Z">
          <reporter-output>
          </reporter-output>
        </test-method> <!-- beforeMethod -->
        <test-method status="FAIL" signature="testFilterByCarBodyTypes(java.lang.String)[pri:0, instance:com.onlinerautomation.test.CarMarketTest@345e5a17]" name="testFilterByCarBodyTypes" duration-ms="1981" started-at="2019-02-01T07:46:05Z" description="Select car by body type" data-provider="Filter by car body types" finished-at="2019-02-01T07:46:07Z">
          <params>
            <param index="0">
              <value>
                <![CDATA[Р¤СѓСЂРіРѕРЅ]]>
              </value>
            </param>
          </params>
          <exception class="java.lang.ArrayIndexOutOfBoundsException">
            <full-stacktrace>
              <![CDATA[java.lang.ArrayIndexOutOfBoundsException
]]>
            </full-stacktrace>
          </exception> <!-- java.lang.ArrayIndexOutOfBoundsException -->
          <reporter-output>
          </reporter-output>
        </test-method> <!-- testFilterByCarBodyTypes -->
        <test-method status="PASS" signature="tearDown()[pri:0, instance:com.onlinerautomation.test.CarMarketTest@345e5a17]" name="tearDown" is-config="true" duration-ms="1055" started-at="2019-02-01T07:46:07Z" finished-at="2019-02-01T07:46:09Z">
          <reporter-output>
          </reporter-output>
        </test-method> <!-- tearDown -->
        <test-method status="PASS" signature="prepareForTestMethod(java.lang.reflect.Method)[pri:0, instance:com.onlinerautomation.test.CarMarketTest@345e5a17]" name="prepareForTestMethod" is-config="true" duration-ms="5934" started-at="2019-02-01T07:46:09Z" finished-at="2019-02-01T07:46:14Z">
          <params>
            <param index="0">
              <value>
                <![CDATA[public void com.onlinerautomation.test.CarMarketTest.testFilterByCarEngineType(java.lang.String)]]>
              </value>
            </param>
          </params>
          <reporter-output>
          </reporter-output>
        </test-method> <!-- prepareForTestMethod -->
        <test-method status="PASS" signature="beforeMethod()[pri:0, instance:com.onlinerautomation.test.CarMarketTest@345e5a17]" name="beforeMethod" is-config="true" duration-ms="3641" started-at="2019-02-01T07:46:14Z" finished-at="2019-02-01T07:46:18Z">
          <reporter-output>
          </reporter-output>
        </test-method> <!-- beforeMethod -->
        <test-method status="FAIL" signature="testFilterByCarEngineType(java.lang.String)[pri:0, instance:com.onlinerautomation.test.CarMarketTest@345e5a17]" name="testFilterByCarEngineType" duration-ms="1622" started-at="2019-02-01T07:46:18Z" description="Select car by engine type" data-provider="Filter by engine&#039;s type" finished-at="2019-02-01T07:46:20Z">
          <params>
            <param index="0">
              <value>
                <![CDATA[Р‘РµРЅР·РёРЅ]]>
              </value>
            </param>
          </params>
          <exception class="java.lang.ArrayIndexOutOfBoundsException">
            <full-stacktrace>
              <![CDATA[java.lang.ArrayIndexOutOfBoundsException
]]>
            </full-stacktrace>
          </exception> <!-- java.lang.ArrayIndexOutOfBoundsException -->
          <reporter-output>
          </reporter-output>
        </test-method> <!-- testFilterByCarEngineType -->
        <test-method status="PASS" signature="tearDown()[pri:0, instance:com.onlinerautomation.test.CarMarketTest@345e5a17]" name="tearDown" is-config="true" duration-ms="999" started-at="2019-02-01T07:46:20Z" finished-at="2019-02-01T07:46:21Z">
          <reporter-output>
          </reporter-output>
        </test-method> <!-- tearDown -->
        <test-method status="PASS" signature="prepareForTestMethod(java.lang.reflect.Method)[pri:0, instance:com.onlinerautomation.test.CarMarketTest@345e5a17]" name="prepareForTestMethod" is-config="true" duration-ms="5846" started-at="2019-02-01T07:46:21Z" finished-at="2019-02-01T07:46:27Z">
          <params>
            <param index="0">
              <value>
                <![CDATA[public void com.onlinerautomation.test.CarMarketTest.testFilterByCarEngineType(java.lang.String)]]>
              </value>
            </param>
          </params>
          <reporter-output>
          </reporter-output>
        </test-method> <!-- prepareForTestMethod -->
        <test-method status="PASS" signature="beforeMethod()[pri:0, instance:com.onlinerautomation.test.CarMarketTest@345e5a17]" name="beforeMethod" is-config="true" duration-ms="3316" started-at="2019-02-01T07:46:27Z" finished-at="2019-02-01T07:46:31Z">
          <reporter-output>
          </reporter-output>
        </test-method> <!-- beforeMethod -->
        <test-method status="FAIL" signature="testFilterByCarEngineType(java.lang.String)[pri:0, instance:com.onlinerautomation.test.CarMarketTest@345e5a17]" name="testFilterByCarEngineType" duration-ms="1698" started-at="2019-02-01T07:46:31Z" description="Select car by engine type" data-provider="Filter by engine&#039;s type" finished-at="2019-02-01T07:46:32Z">
          <params>
            <param index="0">
              <value>
                <![CDATA[Р”РёР·РµР»СЊ]]>
              </value>
            </param>
          </params>
          <exception class="java.lang.ArrayIndexOutOfBoundsException">
            <full-stacktrace>
              <![CDATA[java.lang.ArrayIndexOutOfBoundsException
]]>
            </full-stacktrace>
          </exception> <!-- java.lang.ArrayIndexOutOfBoundsException -->
          <reporter-output>
          </reporter-output>
        </test-method> <!-- testFilterByCarEngineType -->
        <test-method status="PASS" signature="tearDown()[pri:0, instance:com.onlinerautomation.test.CarMarketTest@345e5a17]" name="tearDown" is-config="true" duration-ms="969" started-at="2019-02-01T07:46:33Z" finished-at="2019-02-01T07:46:34Z">
          <reporter-output>
          </reporter-output>
        </test-method> <!-- tearDown -->
        <test-method status="PASS" signature="prepareForTestMethod(java.lang.reflect.Method)[pri:0, instance:com.onlinerautomation.test.CarMarketTest@345e5a17]" name="prepareForTestMethod" is-config="true" duration-ms="5907" started-at="2019-02-01T07:46:34Z" finished-at="2019-02-01T07:46:40Z">
          <params>
            <param index="0">
              <value>
                <![CDATA[public void com.onlinerautomation.test.CarMarketTest.testFilterByCarEngineType(java.lang.String)]]>
              </value>
            </param>
          </params>
          <reporter-output>
          </reporter-output>
        </test-method> <!-- prepareForTestMethod -->
        <test-method status="PASS" signature="beforeMethod()[pri:0, instance:com.onlinerautomation.test.CarMarketTest@345e5a17]" name="beforeMethod" is-config="true" duration-ms="3486" started-at="2019-02-01T07:46:40Z" finished-at="2019-02-01T07:46:43Z">
          <reporter-output>
          </reporter-output>
        </test-method> <!-- beforeMethod -->
        <test-method status="FAIL" signature="testFilterByCarEngineType(java.lang.String)[pri:0, instance:com.onlinerautomation.test.CarMarketTest@345e5a17]" name="testFilterByCarEngineType" duration-ms="1756" started-at="2019-02-01T07:46:43Z" description="Select car by engine type" data-provider="Filter by engine&#039;s type" finished-at="2019-02-01T07:46:45Z">
          <params>
            <param index="0">
              <value>
                <![CDATA[Р“Р°Р· (Р±РµРЅР·РёРЅ))]]>
              </value>
            </param>
          </params>
          <exception class="java.lang.ArrayIndexOutOfBoundsException">
            <full-stacktrace>
              <![CDATA[java.lang.ArrayIndexOutOfBoundsException
]]>
            </full-stacktrace>
          </exception> <!-- java.lang.ArrayIndexOutOfBoundsException -->
          <reporter-output>
          </reporter-output>
        </test-method> <!-- testFilterByCarEngineType -->
        <test-method status="PASS" signature="tearDown()[pri:0, instance:com.onlinerautomation.test.CarMarketTest@345e5a17]" name="tearDown" is-config="true" duration-ms="1002" started-at="2019-02-01T07:46:46Z" finished-at="2019-02-01T07:46:47Z">
          <reporter-output>
          </reporter-output>
        </test-method> <!-- tearDown -->
        <test-method status="PASS" signature="prepareForTestMethod(java.lang.reflect.Method)[pri:0, instance:com.onlinerautomation.test.CarMarketTest@345e5a17]" name="prepareForTestMethod" is-config="true" duration-ms="5900" started-at="2019-02-01T07:46:47Z" finished-at="2019-02-01T07:46:53Z">
          <params>
            <param index="0">
              <value>
                <![CDATA[public void com.onlinerautomation.test.CarMarketTest.testFilterByCarEngineType(java.lang.String)]]>
              </value>
            </param>
          </params>
          <reporter-output>
          </reporter-output>
        </test-method> <!-- prepareForTestMethod -->
        <test-method status="PASS" signature="beforeMethod()[pri:0, instance:com.onlinerautomation.test.CarMarketTest@345e5a17]" name="beforeMethod" is-config="true" duration-ms="3301" started-at="2019-02-01T07:46:53Z" finished-at="2019-02-01T07:46:56Z">
          <reporter-output>
          </reporter-output>
        </test-method> <!-- beforeMethod -->
        <test-method status="FAIL" signature="testFilterByCarEngineType(java.lang.String)[pri:0, instance:com.onlinerautomation.test.CarMarketTest@345e5a17]" name="testFilterByCarEngineType" duration-ms="1498" started-at="2019-02-01T07:46:56Z" description="Select car by engine type" data-provider="Filter by engine&#039;s type" finished-at="2019-02-01T07:46:57Z">
          <params>
            <param index="0">
              <value>
                <![CDATA[Р“РёР±СЂРёРґ (Р±РµРЅР·РёРЅ)]]>
              </value>
            </param>
          </params>
          <exception class="java.lang.ArrayIndexOutOfBoundsException">
            <full-stacktrace>
              <![CDATA[java.lang.ArrayIndexOutOfBoundsException
]]>
            </full-stacktrace>
          </exception> <!-- java.lang.ArrayIndexOutOfBoundsException -->
          <reporter-output>
          </reporter-output>
        </test-method> <!-- testFilterByCarEngineType -->
        <test-method status="PASS" signature="tearDown()[pri:0, instance:com.onlinerautomation.test.CarMarketTest@345e5a17]" name="tearDown" is-config="true" duration-ms="970" started-at="2019-02-01T07:46:58Z" finished-at="2019-02-01T07:46:59Z">
          <reporter-output>
          </reporter-output>
        </test-method> <!-- tearDown -->
        <test-method status="PASS" signature="prepareForTestMethod(java.lang.reflect.Method)[pri:0, instance:com.onlinerautomation.test.CarMarketTest@345e5a17]" name="prepareForTestMethod" is-config="true" duration-ms="5961" started-at="2019-02-01T07:46:59Z" finished-at="2019-02-01T07:47:05Z">
          <params>
            <param index="0">
              <value>
                <![CDATA[public void com.onlinerautomation.test.CarMarketTest.testFilterByCarEngineType(java.lang.String)]]>
              </value>
            </param>
          </params>
          <reporter-output>
          </reporter-output>
        </test-method> <!-- prepareForTestMethod -->
        <test-method status="PASS" signature="beforeMethod()[pri:0, instance:com.onlinerautomation.test.CarMarketTest@345e5a17]" name="beforeMethod" is-config="true" duration-ms="4545" started-at="2019-02-01T07:47:05Z" finished-at="2019-02-01T07:47:09Z">
          <reporter-output>
          </reporter-output>
        </test-method> <!-- beforeMethod -->
        <test-method status="FAIL" signature="testFilterByCarEngineType(java.lang.String)[pri:0, instance:com.onlinerautomation.test.CarMarketTest@345e5a17]" name="testFilterByCarEngineType" duration-ms="1328" started-at="2019-02-01T07:47:09Z" description="Select car by engine type" data-provider="Filter by engine&#039;s type" finished-at="2019-02-01T07:47:11Z">
          <params>
            <param index="0">
              <value>
                <![CDATA[Р­Р»РµРєС‚СЂРѕРјРѕР±РёР»СЊ]]>
              </value>
            </param>
          </params>
          <exception class="java.lang.ArrayIndexOutOfBoundsException">
            <full-stacktrace>
              <![CDATA[java.lang.ArrayIndexOutOfBoundsException
]]>
            </full-stacktrace>
          </exception> <!-- java.lang.ArrayIndexOutOfBoundsException -->
          <reporter-output>
          </reporter-output>
        </test-method> <!-- testFilterByCarEngineType -->
        <test-method status="PASS" signature="tearDown()[pri:0, instance:com.onlinerautomation.test.CarMarketTest@345e5a17]" name="tearDown" is-config="true" duration-ms="975" started-at="2019-02-01T07:47:11Z" finished-at="2019-02-01T07:47:12Z">
          <reporter-output>
          </reporter-output>
        </test-method> <!-- tearDown -->
        <test-method status="PASS" signature="prepareForTestMethod(java.lang.reflect.Method)[pri:0, instance:com.onlinerautomation.test.CarMarketTest@345e5a17]" name="prepareForTestMethod" is-config="true" duration-ms="6069" started-at="2019-02-01T07:47:12Z" finished-at="2019-02-01T07:47:18Z">
          <params>
            <param index="0">
              <value>
                <![CDATA[public void com.onlinerautomation.test.CarMarketTest.testFilterByCarTransmissionType(java.lang.String)]]>
              </value>
            </param>
          </params>
          <reporter-output>
          </reporter-output>
        </test-method> <!-- prepareForTestMethod -->
        <test-method status="PASS" signature="beforeMethod()[pri:0, instance:com.onlinerautomation.test.CarMarketTest@345e5a17]" name="beforeMethod" is-config="true" duration-ms="4939" started-at="2019-02-01T07:47:18Z" finished-at="2019-02-01T07:47:23Z">
          <reporter-output>
          </reporter-output>
        </test-method> <!-- beforeMethod -->
        <test-method status="FAIL" signature="testFilterByCarTransmissionType(java.lang.String)[pri:0, instance:com.onlinerautomation.test.CarMarketTest@345e5a17]" name="testFilterByCarTransmissionType" duration-ms="1202" started-at="2019-02-01T07:47:23Z" description="Select car by transmission type" data-provider="Filter by transmission type" finished-at="2019-02-01T07:47:25Z">
          <params>
            <param index="0">
              <value>
                <![CDATA[РђРІС‚РѕРјР°С‚РёС‡РµСЃРєР°СЏ]]>
              </value>
            </param>
          </params>
          <exception class="java.lang.ArrayIndexOutOfBoundsException">
            <full-stacktrace>
              <![CDATA[java.lang.ArrayIndexOutOfBoundsException
]]>
            </full-stacktrace>
          </exception> <!-- java.lang.ArrayIndexOutOfBoundsException -->
          <reporter-output>
          </reporter-output>
        </test-method> <!-- testFilterByCarTransmissionType -->
        <test-method status="PASS" signature="tearDown()[pri:0, instance:com.onlinerautomation.test.CarMarketTest@345e5a17]" name="tearDown" is-config="true" duration-ms="962" started-at="2019-02-01T07:47:25Z" finished-at="2019-02-01T07:47:26Z">
          <reporter-output>
          </reporter-output>
        </test-method> <!-- tearDown -->
        <test-method status="PASS" signature="prepareForTestMethod(java.lang.reflect.Method)[pri:0, instance:com.onlinerautomation.test.CarMarketTest@345e5a17]" name="prepareForTestMethod" is-config="true" duration-ms="5925" started-at="2019-02-01T07:47:26Z" finished-at="2019-02-01T07:47:32Z">
          <params>
            <param index="0">
              <value>
                <![CDATA[public void com.onlinerautomation.test.CarMarketTest.testFilterByCarTransmissionType(java.lang.String)]]>
              </value>
            </param>
          </params>
          <reporter-output>
          </reporter-output>
        </test-method> <!-- prepareForTestMethod -->
        <test-method status="PASS" signature="beforeMethod()[pri:0, instance:com.onlinerautomation.test.CarMarketTest@345e5a17]" name="beforeMethod" is-config="true" duration-ms="3204" started-at="2019-02-01T07:47:32Z" finished-at="2019-02-01T07:47:35Z">
          <reporter-output>
          </reporter-output>
        </test-method> <!-- beforeMethod -->
        <test-method status="FAIL" signature="testFilterByCarTransmissionType(java.lang.String)[pri:0, instance:com.onlinerautomation.test.CarMarketTest@345e5a17]" name="testFilterByCarTransmissionType" duration-ms="1430" started-at="2019-02-01T07:47:35Z" description="Select car by transmission type" data-provider="Filter by transmission type" finished-at="2019-02-01T07:47:37Z">
          <params>
            <param index="0">
              <value>
                <![CDATA[РњРµС…Р°РЅРёС‡РµСЃРєР°СЏ]]>
              </value>
            </param>
          </params>
          <exception class="java.lang.ArrayIndexOutOfBoundsException">
            <full-stacktrace>
              <![CDATA[java.lang.ArrayIndexOutOfBoundsException
]]>
            </full-stacktrace>
          </exception> <!-- java.lang.ArrayIndexOutOfBoundsException -->
          <reporter-output>
          </reporter-output>
        </test-method> <!-- testFilterByCarTransmissionType -->
        <test-method status="PASS" signature="tearDown()[pri:0, instance:com.onlinerautomation.test.CarMarketTest@345e5a17]" name="tearDown" is-config="true" duration-ms="965" started-at="2019-02-01T07:47:37Z" finished-at="2019-02-01T07:47:38Z">
          <reporter-output>
          </reporter-output>
        </test-method> <!-- tearDown -->
      </class> <!-- com.onlinerautomation.test.CarMarketTest -->
      <class name="com.onlinerautomation.test.OnlinerHomePageTest">
        <test-method status="PASS" signature="prepareForTestMethod(java.lang.reflect.Method)[pri:0, instance:com.onlinerautomation.test.OnlinerHomePageTest@5ea502e0]" name="prepareForTestMethod" is-config="true" duration-ms="5972" started-at="2019-02-01T07:47:38Z" finished-at="2019-02-01T07:47:44Z">
          <params>
            <param index="0">
              <value>
                <![CDATA[public void com.onlinerautomation.test.OnlinerHomePageTest.testOnlinerHomePage()]]>
              </value>
            </param>
          </params>
          <reporter-output>
          </reporter-output>
        </test-method> <!-- prepareForTestMethod -->
        <test-method status="PASS" signature="testOnlinerHomePage()[pri:0, instance:com.onlinerautomation.test.OnlinerHomePageTest@5ea502e0]" name="testOnlinerHomePage" duration-ms="1131" started-at="2019-02-01T07:47:44Z" finished-at="2019-02-01T07:47:45Z">
          <reporter-output>
          </reporter-output>
        </test-method> <!-- testOnlinerHomePage -->
        <test-method status="PASS" signature="tearDown()[pri:0, instance:com.onlinerautomation.test.OnlinerHomePageTest@5ea502e0]" name="tearDown" is-config="true" duration-ms="954" started-at="2019-02-01T07:47:45Z" finished-at="2019-02-01T07:47:46Z">
          <reporter-output>
          </reporter-output>
        </test-method> <!-- tearDown -->
      </class> <!-- com.onlinerautomation.test.OnlinerHomePageTest -->
      <class name="com.onlinerautomation.test.CarAnnouncementTest">
        <test-method status="PASS" signature="initTestSuite()[pri:0, instance:com.onlinerautomation.test.CarAnnouncementTest@600b0b7]" name="initTestSuite" is-config="true" duration-ms="2383" started-at="2019-02-01T07:43:18Z" finished-at="2019-02-01T07:43:20Z">
          <reporter-output>
          </reporter-output>
        </test-method> <!-- initTestSuite -->
        <test-method status="PASS" signature="prepareForTestMethod(java.lang.reflect.Method)[pri:0, instance:com.onlinerautomation.test.CarAnnouncementTest@600b0b7]" name="prepareForTestMethod" is-config="true" duration-ms="7308" started-at="2019-02-01T07:43:20Z" finished-at="2019-02-01T07:43:27Z">
          <params>
            <param index="0">
              <value>
                <![CDATA[public void com.onlinerautomation.test.CarAnnouncementTest.testComparePreviewAndOpenedAnnouncementData()]]>
              </value>
            </param>
          </params>
          <reporter-output>
          </reporter-output>
        </test-method> <!-- prepareForTestMethod -->
        <test-method status="PASS" signature="beforeMethod()[pri:0, instance:com.onlinerautomation.test.CarAnnouncementTest@600b0b7]" name="beforeMethod" is-config="true" duration-ms="3733" started-at="2019-02-01T07:43:28Z" finished-at="2019-02-01T07:43:31Z">
          <reporter-output>
          </reporter-output>
        </test-method> <!-- beforeMethod -->
        <test-method status="PASS" signature="testComparePreviewAndOpenedAnnouncementData()[pri:0, instance:com.onlinerautomation.test.CarAnnouncementTest@600b0b7]" name="testComparePreviewAndOpenedAnnouncementData" duration-ms="5985" started-at="2019-02-01T07:43:31Z" description="Compare preview data with opened announcement data" finished-at="2019-02-01T07:43:37Z">
          <reporter-output>
          </reporter-output>
        </test-method> <!-- testComparePreviewAndOpenedAnnouncementData -->
        <test-method status="PASS" signature="tearDown()[pri:0, instance:com.onlinerautomation.test.CarAnnouncementTest@600b0b7]" name="tearDown" is-config="true" duration-ms="1052" started-at="2019-02-01T07:43:37Z" finished-at="2019-02-01T07:43:38Z">
          <reporter-output>
          </reporter-output>
        </test-method> <!-- tearDown -->
        <test-method status="PASS" signature="prepareForTestMethod(java.lang.reflect.Method)[pri:0, instance:com.onlinerautomation.test.CarAnnouncementTest@600b0b7]" name="prepareForTestMethod" is-config="true" duration-ms="5809" started-at="2019-02-01T07:43:38Z" finished-at="2019-02-01T07:43:44Z">
          <params>
            <param index="0">
              <value>
                <![CDATA[public void com.onlinerautomation.test.CarAnnouncementTest.testVerifyPageElements()]]>
              </value>
            </param>
          </params>
          <reporter-output>
          </reporter-output>
        </test-method> <!-- prepareForTestMethod -->
        <test-method status="PASS" signature="beforeMethod()[pri:0, instance:com.onlinerautomation.test.CarAnnouncementTest@600b0b7]" name="beforeMethod" is-config="true" duration-ms="3605" started-at="2019-02-01T07:43:44Z" finished-at="2019-02-01T07:43:48Z">
          <reporter-output>
          </reporter-output>
        </test-method> <!-- beforeMethod -->
        <test-method status="PASS" signature="testVerifyPageElements()[pri:0, instance:com.onlinerautomation.test.CarAnnouncementTest@600b0b7]" name="testVerifyPageElements" duration-ms="7184" started-at="2019-02-01T07:43:48Z" description="Verify car announcement elements" finished-at="2019-02-01T07:43:55Z">
          <reporter-output>
          </reporter-output>
        </test-method> <!-- testVerifyPageElements -->
        <test-method status="PASS" signature="tearDown()[pri:0, instance:com.onlinerautomation.test.CarAnnouncementTest@600b0b7]" name="tearDown" is-config="true" duration-ms="1010" started-at="2019-02-01T07:43:55Z" finished-at="2019-02-01T07:43:56Z">
          <reporter-output>
          </reporter-output>
        </test-method> <!-- tearDown -->
      </class> <!-- com.onlinerautomation.test.CarAnnouncementTest -->
      <class name="com.onlinerautomation.test.SearchTest">
        <test-method status="PASS" signature="prepareForTestMethod(java.lang.reflect.Method)[pri:0, instance:com.onlinerautomation.test.SearchTest@443dbe42]" name="prepareForTestMethod" is-config="true" duration-ms="5928" started-at="2019-02-01T07:47:46Z" finished-at="2019-02-01T07:47:52Z">
          <params>
            <param index="0">
              <value>
                <![CDATA[public void com.onlinerautomation.test.SearchTest.testOnlinerPositiveSearch()]]>
              </value>
            </param>
          </params>
          <reporter-output>
          </reporter-output>
        </test-method> <!-- prepareForTestMethod -->
        <test-method status="PASS" signature="beforeMethod()[pri:0, instance:com.onlinerautomation.test.SearchTest@443dbe42]" name="beforeMethod" is-config="true" duration-ms="16" started-at="2019-02-01T07:47:52Z" finished-at="2019-02-01T07:47:52Z">
          <reporter-output>
          </reporter-output>
        </test-method> <!-- beforeMethod -->
        <test-method status="FAIL" signature="testOnlinerPositiveSearch()[pri:0, instance:com.onlinerautomation.test.SearchTest@443dbe42]" name="testOnlinerPositiveSearch" duration-ms="12363" started-at="2019-02-01T07:47:52Z" description="Search product in catalog" finished-at="2019-02-01T07:48:05Z">
          <exception class="java.lang.AssertionError">
            <message>
              <![CDATA[Product information is not correct: Lists differ at element [0]: Apple iPhone 7 32GB Black != Смартфон Apple iPhone 7 32GB Black expected [Apple iPhone 7 32GB Black] but found [Смартфон Apple iPhone 7 32GB Black]]]>
            </message>
            <full-stacktrace>
              <![CDATA[java.lang.AssertionError: Product information is not correct: Lists differ at element [0]: Apple iPhone 7 32GB Black != Смартфон Apple iPhone 7 32GB Black expected [Apple iPhone 7 32GB Black] but found [Смартфон Apple iPhone 7 32GB Black]
at org.testng.Assert.fail(Assert.java:96)
at org.testng.Assert.failNotEquals(Assert.java:776)
at org.testng.Assert.assertEqualsImpl(Assert.java:137)
at org.testng.Assert.assertEquals(Assert.java:831)
at com.onlinerautomation.page.ProductPage.verifyProductInfo_aroundBody0(ProductPage.java:37)
at com.onlinerautomation.page.ProductPage$AjcClosure1.run(ProductPage.java:1)
at org.aspectj.runtime.reflect.JoinPointImpl.proceed(JoinPointImpl.java:149)
at io.qameta.allure.aspects.StepsAspects.step(StepsAspects.java:50)
at com.onlinerautomation.page.ProductPage.verifyProductInfo(ProductPage.java:35)
at com.onlinerautomation.test.SearchTest.testOnlinerPositiveSearch(SearchTest.java:28)
at sun.reflect.NativeMethodAccessorImpl.invoke0(Native Method)
at sun.reflect.NativeMethodAccessorImpl.invoke(NativeMethodAccessorImpl.java:62)
at sun.reflect.DelegatingMethodAccessorImpl.invoke(DelegatingMethodAccessorImpl.java:43)
at java.lang.reflect.Method.invoke(Method.java:498)
at org.testng.internal.MethodInvocationHelper.invokeMethod(MethodInvocationHelper.java:124)
at org.testng.internal.Invoker.invokeMethod(Invoker.java:580)
at org.testng.internal.Invoker.invokeTestMethod(Invoker.java:716)
at org.testng.internal.Invoker.invokeTestMethods(Invoker.java:988)
at org.testng.internal.TestMethodWorker.invokeTestMethods(TestMethodWorker.java:125)
at org.testng.internal.TestMethodWorker.run(TestMethodWorker.java:109)
at org.testng.TestRunner.privateRun(TestRunner.java:648)
at org.testng.TestRunner.run(TestRunner.java:505)
at org.testng.SuiteRunner.runTest(SuiteRunner.java:455)
at org.testng.SuiteRunner.runSequentially(SuiteRunner.java:450)
at org.testng.SuiteRunner.privateRun(SuiteRunner.java:415)
at org.testng.SuiteRunner.run(SuiteRunner.java:364)
at org.testng.SuiteRunnerWorker.runSuite(SuiteRunnerWorker.java:52)
at org.testng.SuiteRunnerWorker.run(SuiteRunnerWorker.java:84)
at org.testng.TestNG.runSuitesSequentially(TestNG.java:1208)
at org.testng.TestNG.runSuitesLocally(TestNG.java:1137)
at org.testng.TestNG.runSuites(TestNG.java:1049)
at org.testng.TestNG.run(TestNG.java:1017)
at org.apache.maven.surefire.testng.TestNGExecutor.run(TestNGExecutor.java:283)
at org.apache.maven.surefire.testng.TestNGXmlTestSuite.execute(TestNGXmlTestSuite.java:75)
at org.apache.maven.surefire.testng.TestNGProvider.invoke(TestNGProvider.java:120)
at org.apache.maven.surefire.booter.ForkedBooter.invokeProviderInSameClassLoader(ForkedBooter.java:379)
at org.apache.maven.surefire.booter.ForkedBooter.runSuitesInProcess(ForkedBooter.java:340)
at org.apache.maven.surefire.booter.ForkedBooter.execute(ForkedBooter.java:125)
at org.apache.maven.surefire.booter.ForkedBooter.main(ForkedBooter.java:413)
]]>
            </full-stacktrace>
          </exception> <!-- java.lang.AssertionError -->
          <reporter-output>
          </reporter-output>
        </test-method> <!-- testOnlinerPositiveSearch -->
        <test-method status="PASS" signature="tearDown()[pri:0, instance:com.onlinerautomation.test.SearchTest@443dbe42]" name="tearDown" is-config="true" duration-ms="1037" started-at="2019-02-01T07:48:05Z" finished-at="2019-02-01T07:48:06Z">
          <reporter-output>
          </reporter-output>
        </test-method> <!-- tearDown -->
        <test-method status="PASS" signature="prepareForTestMethod(java.lang.reflect.Method)[pri:0, instance:com.onlinerautomation.test.SearchTest@443dbe42]" name="prepareForTestMethod" is-config="true" duration-ms="6134" started-at="2019-02-01T07:48:06Z" finished-at="2019-02-01T07:48:12Z">
          <params>
            <param index="0">
              <value>
                <![CDATA[public void com.onlinerautomation.test.SearchTest.testProductPageElements()]]>
              </value>
            </param>
          </params>
          <reporter-output>
          </reporter-output>
        </test-method> <!-- prepareForTestMethod -->
        <test-method status="PASS" signature="beforeMethod()[pri:0, instance:com.onlinerautomation.test.SearchTest@443dbe42]" name="beforeMethod" is-config="true" duration-ms="1" started-at="2019-02-01T07:48:12Z" finished-at="2019-02-01T07:48:12Z">
          <reporter-output>
          </reporter-output>
        </test-method> <!-- beforeMethod -->
        <test-method status="PASS" signature="testProductPageElements()[pri:0, instance:com.onlinerautomation.test.SearchTest@443dbe42]" name="testProductPageElements" duration-ms="6704" started-at="2019-02-01T07:48:12Z" description="Verify product page elements" finished-at="2019-02-01T07:48:19Z">
          <reporter-output>
          </reporter-output>
        </test-method> <!-- testProductPageElements -->
        <test-method status="PASS" signature="tearDown()[pri:0, instance:com.onlinerautomation.test.SearchTest@443dbe42]" name="tearDown" is-config="true" duration-ms="979" started-at="2019-02-01T07:48:19Z" finished-at="2019-02-01T07:48:20Z">
          <reporter-output>
          </reporter-output>
        </test-method> <!-- tearDown -->
      </class> <!-- com.onlinerautomation.test.SearchTest -->
    </test> <!-- Test -->
  </suite> <!-- Smoke -->
</testng-results>
