<?xml version="1.0" encoding="UTF-8"?>
<!-- Generated by org.testng.reporters.JUnitReportReporter -->
<testsuite skipped="0" hostname="ukhatsko2097nt" name="com.onlinerautomation.test.CarMarketTest" tests="17" failures="0" timestamp="01 Feb 2019 07:48:20 GMT" time="211.444" errors="17">
  <testcase name="testFilterByCarBodyTypes" time="13.306" classname="com.onlinerautomation.test.CarMarketTest">
    <error type="java.lang.ArrayIndexOutOfBoundsException">
      <![CDATA[java.lang.ArrayIndexOutOfBoundsException
]]>
    </error>
  </testcase> <!-- testFilterByCarBodyTypes -->
  <testcase name="testFilterByCarTransmissionType" time="11.880" classname="com.onlinerautomation.test.CarMarketTest">
    <error type="java.lang.ArrayIndexOutOfBoundsException">
      <![CDATA[java.lang.ArrayIndexOutOfBoundsException
]]>
    </error>
  </testcase> <!-- testFilterByCarTransmissionType -->
  <testcase name="testFilterByCarTransmissionType" time="12.696" classname="com.onlinerautomation.test.CarMarketTest">
    <error type="java.lang.ArrayIndexOutOfBoundsException">
      <![CDATA[java.lang.ArrayIndexOutOfBoundsException
]]>
    </error>
  </testcase> <!-- testFilterByCarTransmissionType -->
  <testcase name="testFilterByCarBodyTypes" time="12.262" classname="com.onlinerautomation.test.CarMarketTest">
    <error type="java.lang.ArrayIndexOutOfBoundsException">
      <![CDATA[java.lang.ArrayIndexOutOfBoundsException
]]>
    </error>
  </testcase> <!-- testFilterByCarBodyTypes -->
  <testcase name="testFilterByCarBodyTypes" time="12.644" classname="com.onlinerautomation.test.CarMarketTest">
    <error type="java.lang.ArrayIndexOutOfBoundsException">
      <![CDATA[java.lang.ArrayIndexOutOfBoundsException
]]>
    </error>
  </testcase> <!-- testFilterByCarBodyTypes -->
  <testcase name="testFilterByCarBodyTypes" time="12.406" classname="com.onlinerautomation.test.CarMarketTest">
    <error type="java.lang.ArrayIndexOutOfBoundsException">
      <![CDATA[java.lang.ArrayIndexOutOfBoundsException
]]>
    </error>
  </testcase> <!-- testFilterByCarBodyTypes -->
  <testcase name="testFilterByCarEngineType" time="12.004" classname="com.onlinerautomation.test.CarMarketTest">
    <error type="java.lang.ArrayIndexOutOfBoundsException">
      <![CDATA[java.lang.ArrayIndexOutOfBoundsException
]]>
    </error>
  </testcase> <!-- testFilterByCarEngineType -->
  <testcase name="testFilterByCarEngineType" time="11.837" classname="com.onlinerautomation.test.CarMarketTest">
    <error type="java.lang.ArrayIndexOutOfBoundsException">
      <![CDATA[java.lang.ArrayIndexOutOfBoundsException
]]>
    </error>
  </testcase> <!-- testFilterByCarEngineType -->
  <testcase name="testFilterByCarBodyTypes" time="11.918" classname="com.onlinerautomation.test.CarMarketTest">
    <error type="java.lang.ArrayIndexOutOfBoundsException">
      <![CDATA[java.lang.ArrayIndexOutOfBoundsException
]]>
    </error>
  </testcase> <!-- testFilterByCarBodyTypes -->
  <testcase name="testFilterByCarBodyTypes" time="12.081" classname="com.onlinerautomation.test.CarMarketTest">
    <error type="java.lang.ArrayIndexOutOfBoundsException">
      <![CDATA[java.lang.ArrayIndexOutOfBoundsException
]]>
    </error>
  </testcase> <!-- testFilterByCarBodyTypes -->
  <testcase name="testFilterByCarBodyTypes" time="13.946" classname="com.onlinerautomation.test.CarMarketTest">
    <error type="java.lang.ArrayIndexOutOfBoundsException">
      <![CDATA[java.lang.ArrayIndexOutOfBoundsException
]]>
    </error>
  </testcase> <!-- testFilterByCarBodyTypes -->
  <testcase name="testFilterByCarBodyTypes" time="12.293" classname="com.onlinerautomation.test.CarMarketTest">
    <error type="java.lang.ArrayIndexOutOfBoundsException" message="-1">
      <![CDATA[java.lang.ArrayIndexOutOfBoundsException: -1
at java.util.ArrayList.elementData(ArrayList.java:422)
at java.util.ArrayList.get(ArrayList.java:435)
at sun.reflect.NativeMethodAccessorImpl.invoke0(Native Method)
at sun.reflect.NativeMethodAccessorImpl.invoke(NativeMethodAccessorImpl.java:62)
at sun.reflect.DelegatingMethodAccessorImpl.invoke(DelegatingMethodAccessorImpl.java:43)
at java.lang.reflect.Method.invoke(Method.java:498)
at org.openqa.selenium.support.pagefactory.internal.LocatingElementListHandler.invoke(LocatingElementListHandler.java:39)
at com.sun.proxy.$Proxy15.get(Unknown Source)
at com.onlinerautomation.page.LeftMenu.getCarType(LeftMenu.java:63)
at com.onlinerautomation.page.AutoMarketPage.setCarFilteryType_aroundBody2(AutoMarketPage.java:74)
at com.onlinerautomation.page.AutoMarketPage$AjcClosure3.run(AutoMarketPage.java:1)
at org.aspectj.runtime.reflect.JoinPointImpl.proceed(JoinPointImpl.java:149)
at io.qameta.allure.aspects.StepsAspects.step(StepsAspects.java:50)
at com.onlinerautomation.page.AutoMarketPage.setCarFilteryType(AutoMarketPage.java:73)
at com.onlinerautomation.test.CarMarketTest.testFilterByCarBodyTypes(CarMarketTest.java:27)
at sun.reflect.NativeMethodAccessorImpl.invoke0(Native Method)
at sun.reflect.NativeMethodAccessorImpl.invoke(NativeMethodAccessorImpl.java:62)
at sun.reflect.DelegatingMethodAccessorImpl.invoke(DelegatingMethodAccessorImpl.java:43)
at java.lang.reflect.Method.invoke(Method.java:498)
at org.testng.internal.MethodInvocationHelper.invokeMethod(MethodInvocationHelper.java:124)
at org.testng.internal.Invoker.invokeMethod(Invoker.java:580)
at org.testng.internal.Invoker.invokeTestMethod(Invoker.java:716)
at org.testng.internal.Invoker.invokeTestMethods(Invoker.java:988)
at org.testng.internal.TestMethodWorker.invokeTestMethods(TestMethodWorker.java:125)
at org.testng.internal.TestMethodWorker.run(TestMethodWorker.java:109)
at org.testng.TestRunner.privateRun(TestRunner.java:648)
at org.testng.TestRunner.run(TestRunner.java:505)
at org.testng.SuiteRunner.runTest(SuiteRunner.java:455)
at org.testng.SuiteRunner.runSequentially(SuiteRunner.java:450)
at org.testng.SuiteRunner.privateRun(SuiteRunner.java:415)
at org.testng.SuiteRunner.run(SuiteRunner.java:364)
at org.testng.SuiteRunnerWorker.runSuite(SuiteRunnerWorker.java:52)
at org.testng.SuiteRunnerWorker.run(SuiteRunnerWorker.java:84)
at org.testng.TestNG.runSuitesSequentially(TestNG.java:1208)
at org.testng.TestNG.runSuitesLocally(TestNG.java:1137)
at org.testng.TestNG.runSuites(TestNG.java:1049)
at org.testng.TestNG.run(TestNG.java:1017)
at org.apache.maven.surefire.testng.TestNGExecutor.run(TestNGExecutor.java:283)
at org.apache.maven.surefire.testng.TestNGXmlTestSuite.execute(TestNGXmlTestSuite.java:75)
at org.apache.maven.surefire.testng.TestNGProvider.invoke(TestNGProvider.java:120)
at org.apache.maven.surefire.booter.ForkedBooter.invokeProviderInSameClassLoader(ForkedBooter.java:379)
at org.apache.maven.surefire.booter.ForkedBooter.runSuitesInProcess(ForkedBooter.java:340)
at org.apache.maven.surefire.booter.ForkedBooter.execute(ForkedBooter.java:125)
at org.apache.maven.surefire.booter.ForkedBooter.main(ForkedBooter.java:413)
]]>
    </error>
  </testcase> <!-- testFilterByCarBodyTypes -->
  <testcase name="testFilterByCarEngineType" time="11.946" classname="com.onlinerautomation.test.CarMarketTest">
    <error type="java.lang.ArrayIndexOutOfBoundsException">
      <![CDATA[java.lang.ArrayIndexOutOfBoundsException
]]>
    </error>
  </testcase> <!-- testFilterByCarEngineType -->
  <testcase name="testFilterByCarEngineType" time="11.851" classname="com.onlinerautomation.test.CarMarketTest">
    <error type="java.lang.ArrayIndexOutOfBoundsException">
      <![CDATA[java.lang.ArrayIndexOutOfBoundsException
]]>
    </error>
  </testcase> <!-- testFilterByCarEngineType -->
  <testcase name="testFilterByCarBodyTypes" time="12.419" classname="com.onlinerautomation.test.CarMarketTest">
    <error type="java.lang.ArrayIndexOutOfBoundsException">
      <![CDATA[java.lang.ArrayIndexOutOfBoundsException
]]>
    </error>
  </testcase> <!-- testFilterByCarBodyTypes -->
  <testcase name="testFilterByCarBodyTypes" time="14.068" classname="com.onlinerautomation.test.CarMarketTest">
    <error type="java.lang.ArrayIndexOutOfBoundsException">
      <![CDATA[java.lang.ArrayIndexOutOfBoundsException
]]>
    </error>
  </testcase> <!-- testFilterByCarBodyTypes -->
  <testcase name="testFilterByCarEngineType" time="11.887" classname="com.onlinerautomation.test.CarMarketTest">
    <error type="java.lang.ArrayIndexOutOfBoundsException">
      <![CDATA[java.lang.ArrayIndexOutOfBoundsException
]]>
    </error>
  </testcase> <!-- testFilterByCarEngineType -->
</testsuite> <!-- com.onlinerautomation.test.CarMarketTest -->
